[21:55:39.259] Global cache location '/Users/zusoomro/Library/Caches/typescript/3.9', safe file path '/users/zusoomro/code/cis400/mobile/node_modules/typescript/lib/typingsafelist.json', types map path /users/zusoomro/code/cis400/mobile/node_modules/typescript/lib/typesmap.json
[21:55:39.262] Processing cache location '/Users/zusoomro/Library/Caches/typescript/3.9'
[21:55:39.262] Trying to find '/Users/zusoomro/Library/Caches/typescript/3.9/package.json'...
[21:55:39.266] Loaded content of '/Users/zusoomro/Library/Caches/typescript/3.9/package.json': {"private":true,"dependencies":{"types-registry":"^0.1.512"},"devDependencies":{"@types/accepts":"^1.3.5","@types/adm-zip":"^0.4.33","@types/ansi-styles":"^3.2.1","@types/anymatch":"^1.3.1","@types/argparse":"^1.0.38","@types/arr-diff":"^4.0.0","@types/arr-union":"^3.1.0","@types/array-unique":"^0.3.0","@types/array.prototype.flat":"^1.2.1","@types/asap":"^2.0.0","@types/asn1":"^0.2.0","@types/assert-plus":"^1.0.4","@types/async":"^3.2.3","@types/atob":"^2.1.2","@types/aws4":"^1.5.1","@types/babel-plugin-syntax-jsx":"^6.18.0","@types/babel__core":"^7.1.10","@types/balanced-match":"^1.0.1","@types/base64-js":"^1.3.0","@types/basic-auth":"^1.1.3","@types/bcrypt":"^3.0.0","@types/bindings":"^1.3.0","@types/bluebird":"^3.5.32","@types/blueimp-md5":"^2.7.0","@types/brace-expansion":"^1.1.0","@types/braces":"^3.0.0","@types/browser-resolve":"^2.0.0","@types/browserslist":"^4.8.0","@types/bser":"^2.0.0","@types/buffer-crc32":"^0.2.0","@types/buffer-from":"^1.1.0","@types/bytes":"^3.1.0","@types/caniuse-lite":"^1.0.0","@types/caseless":"^0.12.2","@types/chardet":"^0.8.0","@types/chownr":"^1.0.0","@types/chromedriver":"^81.0.0","@types/ci-info":"^2.0.0","@types/clamp":"^1.0.0","@types/cli-color":"^2.0.0","@types/cli-spinners":"^1.3.0","@types/clone":"^2.1.0","@types/co":"^4.6.2","@types/color":"^3.0.1","@types/color-convert":"^1.9.0","@types/color-name":"^1.1.1","@types/color-string":"^1.5.0","@types/color-support":"^1.1.0","@types/combined-stream":"^1.0.2","@types/command-exists":"^1.2.0","@types/commondir":"^1.0.0","@types/component-emitter":"^1.2.10","@types/compressible":"^2.0.0","@types/compression":"^1.7.0","@types/concat-map":"0.0.0","@types/concat-stream":"^1.6.0","@types/confusing-browser-globals":"^1.0.0","@types/connect":"^3.4.33","@types/contains-path":"^1.0.0","@types/convert-source-map":"^1.5.1","@types/cookie":"^0.4.0","@types/cookie-parser":"^1.4.2","@types/cookie-signature":"^1.0.3","@types/core-js":"^2.5.4","@types/cors":"^2.8.7","@types/create-react-class":"^15.6.3","@types/cross-spawn":"^6.0.2","@types/cssom":"^0.4.1","@types/cssstyle":"^2.2.1","@types/d":"^1.0.0","@types/dashdash":"^1.14.0","@types/debounce":"^1.2.0","@types/debug":"^4.1.5","@types/decode-uri-component":"^0.2.0","@types/defaults":"^1.0.3","@types/define-properties":"^1.1.3","@types/denodeify":"^1.2.31","@types/depd":"^1.1.32","@types/destroy":"^1.0.0","@types/didyoumean":"^1.2.0","@types/dir-glob":"^2.0.0","@types/doctrine":"0.0.3","@types/domexception":"^2.0.1","@types/duplexer2":"^0.1.2","@types/ee-first":"^1.1.0","@types/encodeurl":"^1.0.0","@types/end-of-stream":"^1.4.0","@types/errorhandler":"^1.5.0","@types/es-abstract":"^1.17.1","@types/es-to-primitive":"^1.2.4","@types/escape-html":"^1.0.0","@types/escodegen":"0.0.6","@types/eslint":"^7.2.4","@types/eslint-scope":"^3.7.0","@types/eslint-visitor-keys":"^1.0.0","@types/esprima":"^4.0.2","@types/esquery":"^1.0.1","@types/estraverse":"^5.1.0","@types/etag":"^1.8.0","@types/exit":"^0.1.31","@types/extend":"^3.0.1","@types/extsprintf":"^1.4.1","@types/fancy-log":"^1.3.1","@types/fast-levenshtein":"0.0.1","@types/fb-watchman":"^2.0.0","@types/fbemitter":"^2.0.32","@types/file-entry-cache":"^5.0.1","@types/finalhandler":"^1.1.0","@types/find-cache-dir":"^3.2.0","@types/flat-cache":"^2.0.0","@types/follow-redirects":"^1.13.0","@types/fontfaceobserver":"0.0.6","@types/forever-agent":"^0.6.0","@types/fresh":"^0.5.0","@types/fs-extra":"^9.0.2","@types/function-bind":"^1.1.5","@types/get-caller-file":"^1.0.0","@types/get-value":"^3.0.1","@types/getpass":"^0.1.0","@types/glob":"^7.1.3","@types/glob-parent":"^5.1.0","@types/got":"^9.6.11","@types/graceful-fs":"^4.1.3","@types/has":"^1.0.0","@types/has-symbols":"^1.0.0","@types/history":"^4.7.8","@types/hosted-git-info":"^3.0.1","@types/html-encoding-sniffer":"^2.0.1","@types/html-escaper":"^3.0.0","@types/http-errors":"^1.8.0","@types/immediate":"^3.2.0","@types/imurmurhash":"^0.1.1","@types/inherits":"0.0.30","@types/inquirer":"^7.3.1","@types/intro.js":"^2.4.7","@types/invariant":"^2.2.34","@types/is-buffer":"^2.0.0","@types/is-callable":"^1.1.0","@types/is-ci":"^2.0.0","@types/is-date-object":"^1.0.1","@types/is-glob":"^4.0.1","@types/is-number":"^7.0.1","@types/is-regex":"^1.0.0","@types/is-typedarray":"^1.0.0","@types/is-url":"^1.2.28","@types/is-windows":"^1.0.0","@types/isarray":"^2.0.0","@types/isexe":"^2.0.0","@types/isomorphic-fetch":"0.0.35","@types/isstream":"^0.1.0","@types/istanbul-lib-coverage":"^2.0.3","@types/istanbul-lib-instrument":"^1.7.4","@types/istanbul-lib-report":"^3.0.0","@types/istanbul-lib-source-maps":"^4.0.1","@types/istanbul-reports":"^3.0.0","@types/jest":"^26.0.14","@types/js-cookie":"^2.2.6","@types/js-yaml":"^3.12.5","@types/jsbn":"^1.2.29","@types/jsdom":"^16.2.4","@types/jsesc":"^2.5.1","@types/json-parse-better-errors":"^1.0.0","@types/json-schema":"^7.0.6","@types/json-schema-traverse":"^0.4.0","@types/json-stable-stringify":"^1.0.32","@types/json-stringify-safe":"^5.0.0","@types/json2csv":"^5.0.1","@types/json5":"0.0.30","@types/jsonfile":"^6.0.0","@types/jsonwebtoken":"^8.5.0","@types/jws":"^3.2.2","@types/kind-of":"^6.0.0","@types/klaw":"^3.0.1","@types/lodash":"^4.14.162","@types/lodash-es":"^4.17.3","@types/lodash.chunk":"^4.2.6","@types/lodash.clamp":"^4.0.6","@types/lodash.includes":"^4.3.6","@types/lodash.isboolean":"^3.0.6","@types/lodash.isinteger":"^4.0.6","@types/lodash.isnumber":"^3.0.6","@types/lodash.isplainobject":"^4.0.6","@types/lodash.isstring":"^4.0.6","@types/lodash.once":"^4.1.6","@types/lodash.sortby":"^4.7.6","@types/lodash.throttle":"^4.1.6","@types/lru-cache":"^5.1.0","@types/md5-file":"^4.0.2","@types/merge-stream":"^1.1.2","@types/merge2":"^1.3.0","@types/micromatch":"^4.0.1","@types/mime":"^2.0.3","@types/mime-db":"^1.43.0","@types/mime-types":"^2.1.0","@types/minimatch":"^3.0.3","@types/minimist":"^1.2.0","@types/minipass":"^2.2.0","@types/mkdirp":"^1.0.1","@types/morgan":"^1.9.1","@types/ms":"^0.7.31","@types/mustache":"^4.0.1","@types/mute-stream":"0.0.0","@types/nanoid":"^2.1.0","@types/natural-compare":"^1.4.0","@types/negotiator":"^0.6.1","@types/nice-try":"^2.1.0","@types/node-fetch":"^2.5.7","@types/node-int64":"^0.4.29","@types/node-notifier":"^8.0.0","@types/nopt":"^3.0.29","@types/normalize-package-data":"^2.4.0","@types/normalize-path":"^3.0.0","@types/npmlog":"^4.1.2","@types/number-is-nan":"^1.0.0","@types/object-assign":"^4.0.30","@types/object-inspect":"^1.6.1","@types/object-keys":"^1.0.1","@types/object.getownpropertydescriptors":"^2.1.1","@types/object.omit":"^3.0.0","@types/object.pick":"^1.3.0","@types/on-finished":"^2.3.1","@types/on-headers":"^1.0.0","@types/once":"^1.4.0","@types/os-tmpdir":"^1.0.0","@types/page":"^1.8.0","@types/pako":"^1.0.1","@types/parse-json":"^4.0.0","@types/parse5":"^5.0.3","@types/parseurl":"^1.3.1","@types/pascalcase":"^1.0.0","@types/path-is-absolute":"^1.0.0","@types/path-parse":"^1.0.19","@types/picomatch":"^2.2.1","@types/pify":"^3.0.2","@types/plist":"^3.0.2","@types/plugin-error":"^0.1.1","@types/prelude-ls":"^1.1.29","@types/progress":"^2.0.3","@types/prompts":"^2.0.9","@types/prop-types":"^15.7.3","@types/psl":"^1.1.0","@types/pump":"^1.1.0","@types/punycode":"^2.1.0","@types/qs":"^6.9.5","@types/querystringify":"^2.0.0","@types/range-parser":"^1.2.3","@types/react":"^16.9.53","@types/react-dom":"^16.9.8","@types/react-is":"^16.7.1","@types/react-lifecycles-compat":"^3.0.1","@types/react-native":"^0.63.25","@types/react-native-drawer-layout":"^1.3.5","@types/react-native-vector-icons":"^6.4.6","@types/react-notification-system-redux":"^1.1.6","@types/react-redux":"^7.1.9","@types/react-router":"^5.1.8","@types/react-router-dom":"^5.1.5","@types/react-router-redux":"^5.0.18","@types/readable-stream":"^2.3.9","@types/regenerator-runtime":"^0.13.0","@types/repeat-element":"^1.1.0","@types/repeat-string":"^1.6.0","@types/request":"^2.48.5","@types/request-promise-native":"^1.0.17","@types/require-directory":"^2.1.1","@types/requires-port":"^1.0.0","@types/resolve":"^1.17.1","@types/rimraf":"^3.0.0","@types/rsvp":"^4.0.3","@types/run-parallel":"^1.1.0","@types/rx-lite":"^4.0.6","@types/rx-lite-aggregates":"^4.0.3","@types/safe-regex":"^1.1.2","@types/safer-buffer":"^2.1.0","@types/sane":"^2.0.0","@types/sax":"^1.2.1","@types/scheduler":"^0.16.1","@types/selenium-webdriver":"^4.0.9","@types/semver":"^7.3.4","@types/send":"^0.14.5","@types/serve-static":"^1.13.5","@types/set-value":"^2.0.0","@types/setimmediate":"^1.0.2","@types/shallowequal":"^1.1.1","@types/shebang-command":"^1.2.0","@types/shell-quote":"^1.7.0","@types/signal-exit":"^3.0.0","@types/slice-ansi":"^4.0.0","@types/source-map-support":"^0.5.3","@types/spdx-correct":"^2.0.0","@types/spdx-expression-parse":"^3.0.0","@types/sprintf":"^0.1.0","@types/sprintf-js":"^1.1.2","@types/sshpk":"^1.10.5","@types/stack-utils":"^2.0.0","@types/statuses":"^2.0.0","@types/stream-buffers":"^3.0.3","@types/strict-uri-encode":"^2.0.0","@types/styled-components":"^5.1.4","@types/supports-color":"^5.3.0","@types/symbol-tree":"^3.2.1","@types/table":"^6.0.0","@types/tar":"^4.0.3","@types/tcp-port-used":"^1.0.0","@types/temp":"^0.8.34","@types/text-table":"^0.2.1","@types/through":"0.0.30","@types/through2":"^2.0.36","@types/tmp":"^0.2.0","@types/toposort":"^2.0.3","@types/tough-cookie":"^4.0.0","@types/traverse":"^0.6.32","@types/type-check":"^0.3.27","@types/ua-parser-js":"^0.7.33","@types/uglify-es":"^3.0.0","@types/universalify":"^1.0.0","@types/urix":"^0.1.0","@types/url-parse":"^1.4.3","@types/use-subscription":"^1.0.0","@types/util-deprecate":"^1.0.0","@types/util.promisify":"^1.0.4","@types/utils-merge":"0.0.28","@types/uuid":"^8.3.0","@types/validate-npm-package-license":"^3.0.0","@types/vary":"^1.1.0","@types/verror":"^1.10.4","@types/wcwidth":"^1.0.0","@types/webidl-conversions":"^6.1.0","@types/whatwg-encoding":"^1.0.0","@types/whatwg-mimetype":"^2.1.0","@types/whatwg-url":"^8.0.0","@types/which":"^1.3.2","@types/winjs":"^4.4.0","@types/wordwrap":"^1.0.0","@types/wrap-ansi":"^3.0.0","@types/write":"^2.0.0","@types/write-file-atomic":"^3.0.1","@types/ws":"^7.2.7","@types/xml2js":"^0.4.5","@types/xmldoc":"^1.1.5","@types/xmldom":"^0.1.30","@types/xtend":"^4.0.3","@types/y18n":"^4.0.0","@types/yallist":"^3.0.1","@types/yargs":"^15.0.9","@types/yargs-parser":"^15.0.0","@types/yauzl":"^2.9.1","@types/yup":"^0.29.8"}}
[21:55:39.267] Loaded content of '/Users/zusoomro/Library/Caches/typescript/3.9/package-lock.json'
[21:55:39.282] Adding entry into typings cache: 'accepts' => '/Users/zusoomro/Library/Caches/typescript/3.9/node_modules/@types/accepts/index.d.ts'
[21:55:39.288] Adding entry into typings cache: 'adm-zip' => '/Users/zusoomro/Library/Caches/typescript/3.9/node_modules/@types/adm-zip/index.d.ts'
[21:55:39.291] Adding entry into typings cache: 'ansi-styles' => '/Users/zusoomro/Library/Caches/typescript/3.9/node_modules/ansi-styles/index.d.ts'
[21:55:39.294] Adding entry into typings cache: 'anymatch' => '/Users/zusoomro/Library/Caches/typescript/3.9/node_modules/@types/anymatch/index.d.ts'
[21:55:39.297] Adding entry into typings cache: 'argparse' => '/Users/zusoomro/Library/Caches/typescript/3.9/node_modules/@types/argparse/index.d.ts'
[21:55:39.299] Adding entry into typings cache: 'arr-diff' => '/Users/zusoomro/Library/Caches/typescript/3.9/node_modules/@types/arr-diff/index.d.ts'
[21:55:39.301] Adding entry into typings cache: 'arr-union' => '/Users/zusoomro/Library/Caches/typescript/3.9/node_modules/@types/arr-union/index.d.ts'
[21:55:39.304] Adding entry into typings cache: 'array-unique' => '/Users/zusoomro/Library/Caches/typescript/3.9/node_modules/@types/array-unique/index.d.ts'
[21:55:39.309] Adding entry into typings cache: 'array.prototype.flat' => '/Users/zusoomro/Library/Caches/typescript/3.9/node_modules/@types/array.prototype.flat/index.d.ts'
[21:55:39.310] Adding entry into typings cache: 'asap' => '/Users/zusoomro/Library/Caches/typescript/3.9/node_modules/@types/asap/index.d.ts'
[21:55:39.312] Adding entry into typings cache: 'asn1' => '/Users/zusoomro/Library/Caches/typescript/3.9/node_modules/@types/asn1/index.d.ts'
[21:55:39.314] Adding entry into typings cache: 'assert-plus' => '/Users/zusoomro/Library/Caches/typescript/3.9/node_modules/@types/assert-plus/index.d.ts'
[21:55:39.317] Adding entry into typings cache: 'async' => '/Users/zusoomro/Library/Caches/typescript/3.9/node_modules/@types/async/index.d.ts'
[21:55:39.319] Adding entry into typings cache: 'atob' => '/Users/zusoomro/Library/Caches/typescript/3.9/node_modules/@types/atob/index.d.ts'
[21:55:39.322] Adding entry into typings cache: 'aws4' => '/Users/zusoomro/Library/Caches/typescript/3.9/node_modules/@types/aws4/index.d.ts'
[21:55:39.324] Adding entry into typings cache: 'babel-plugin-syntax-jsx' => '/Users/zusoomro/Library/Caches/typescript/3.9/node_modules/@types/babel-plugin-syntax-jsx/index.d.ts'
[21:55:39.327] Adding entry into typings cache: 'babel__core' => '/Users/zusoomro/Library/Caches/typescript/3.9/node_modules/@types/babel__core/index.d.ts'
[21:55:39.329] Adding entry into typings cache: 'balanced-match' => '/Users/zusoomro/Library/Caches/typescript/3.9/node_modules/@types/balanced-match/index.d.ts'
[21:55:39.331] Adding entry into typings cache: 'base64-js' => '/Users/zusoomro/Library/Caches/typescript/3.9/node_modules/@types/base64-js/index.d.ts'
[21:55:39.332] Adding entry into typings cache: 'basic-auth' => '/Users/zusoomro/Library/Caches/typescript/3.9/node_modules/@types/basic-auth/index.d.ts'
[21:55:39.335] Adding entry into typings cache: 'bcrypt' => '/Users/zusoomro/Library/Caches/typescript/3.9/node_modules/@types/bcrypt/index.d.ts'
[21:55:39.337] Adding entry into typings cache: 'bindings' => '/Users/zusoomro/Library/Caches/typescript/3.9/node_modules/@types/bindings/index.d.ts'
[21:55:39.339] Adding entry into typings cache: 'bluebird' => '/Users/zusoomro/Library/Caches/typescript/3.9/node_modules/@types/bluebird/index.d.ts'
[21:55:39.340] Adding entry into typings cache: 'blueimp-md5' => '/Users/zusoomro/Library/Caches/typescript/3.9/node_modules/@types/blueimp-md5/index.d.ts'
[21:55:39.342] Adding entry into typings cache: 'brace-expansion' => '/Users/zusoomro/Library/Caches/typescript/3.9/node_modules/@types/brace-expansion/index.d.ts'
[21:55:39.343] Adding entry into typings cache: 'braces' => '/Users/zusoomro/Library/Caches/typescript/3.9/node_modules/@types/braces/index.d.ts'
[21:55:39.345] Adding entry into typings cache: 'browser-resolve' => '/Users/zusoomro/Library/Caches/typescript/3.9/node_modules/@types/browser-resolve/index.d.ts'
[21:55:39.348] Adding entry into typings cache: 'browserslist' => '/Users/zusoomro/Library/Caches/typescript/3.9/node_modules/@types/browserslist/index.d.ts'
[21:55:39.351] Adding entry into typings cache: 'bser' => '/Users/zusoomro/Library/Caches/typescript/3.9/node_modules/@types/bser/index.d.ts'
[21:55:39.353] Adding entry into typings cache: 'buffer-crc32' => '/Users/zusoomro/Library/Caches/typescript/3.9/node_modules/@types/buffer-crc32/index.d.ts'
[21:55:39.354] Adding entry into typings cache: 'buffer-from' => '/Users/zusoomro/Library/Caches/typescript/3.9/node_modules/@types/buffer-from/index.d.ts'
[21:55:39.355] Adding entry into typings cache: 'bytes' => '/Users/zusoomro/Library/Caches/typescript/3.9/node_modules/@types/bytes/index.d.ts'
[21:55:39.357] Adding entry into typings cache: 'caniuse-lite' => '/Users/zusoomro/Library/Caches/typescript/3.9/node_modules/@types/caniuse-lite/index.d.ts'
[21:55:39.359] Adding entry into typings cache: 'caseless' => '/Users/zusoomro/Library/Caches/typescript/3.9/node_modules/@types/caseless/index.d.ts'
[21:55:39.361] Adding entry into typings cache: 'chardet' => '/Users/zusoomro/Library/Caches/typescript/3.9/node_modules/@types/chardet/index.d.ts'
[21:55:39.363] Adding entry into typings cache: 'chownr' => '/Users/zusoomro/Library/Caches/typescript/3.9/node_modules/@types/chownr/index.d.ts'
[21:55:39.365] Adding entry into typings cache: 'chromedriver' => '/Users/zusoomro/Library/Caches/typescript/3.9/node_modules/@types/chromedriver/index.d.ts'
[21:55:39.368] Adding entry into typings cache: 'ci-info' => '/Users/zusoomro/Library/Caches/typescript/3.9/node_modules/@types/ci-info/index.d.ts'
[21:55:39.370] Adding entry into typings cache: 'clamp' => '/Users/zusoomro/Library/Caches/typescript/3.9/node_modules/@types/clamp/index.d.ts'
[21:55:39.372] Adding entry into typings cache: 'cli-color' => '/Users/zusoomro/Library/Caches/typescript/3.9/node_modules/@types/cli-color/index.d.ts'
[21:55:39.375] Adding entry into typings cache: 'cli-spinners' => '/Users/zusoomro/Library/Caches/typescript/3.9/node_modules/@types/cli-spinners/index.d.ts'
[21:55:39.377] Adding entry into typings cache: 'clone' => '/Users/zusoomro/Library/Caches/typescript/3.9/node_modules/@types/clone/index.d.ts'
[21:55:39.379] Adding entry into typings cache: 'co' => '/Users/zusoomro/Library/Caches/typescript/3.9/node_modules/@types/co/index.d.ts'
[21:55:39.383] Adding entry into typings cache: 'color' => '/Users/zusoomro/Library/Caches/typescript/3.9/node_modules/@types/color/index.d.ts'
[21:55:39.388] Adding entry into typings cache: 'color-convert' => '/Users/zusoomro/Library/Caches/typescript/3.9/node_modules/@types/color-convert/index.d.ts'
[21:55:39.392] Adding entry into typings cache: 'color-name' => '/Users/zusoomro/Library/Caches/typescript/3.9/node_modules/@types/color-name/index.d.ts'
[21:55:39.394] Adding entry into typings cache: 'color-string' => '/Users/zusoomro/Library/Caches/typescript/3.9/node_modules/@types/color-string/index.d.ts'
[21:55:39.396] Adding entry into typings cache: 'color-support' => '/Users/zusoomro/Library/Caches/typescript/3.9/node_modules/@types/color-support/index.d.ts'
[21:55:39.401] Adding entry into typings cache: 'combined-stream' => '/Users/zusoomro/Library/Caches/typescript/3.9/node_modules/@types/combined-stream/index.d.ts'
[21:55:39.402] Adding entry into typings cache: 'command-exists' => '/Users/zusoomro/Library/Caches/typescript/3.9/node_modules/@types/command-exists/index.d.ts'
[21:55:39.405] Adding entry into typings cache: 'commondir' => '/Users/zusoomro/Library/Caches/typescript/3.9/node_modules/@types/commondir/index.d.ts'
[21:55:39.407] Adding entry into typings cache: 'component-emitter' => '/Users/zusoomro/Library/Caches/typescript/3.9/node_modules/@types/component-emitter/index.d.ts'
[21:55:39.409] Adding entry into typings cache: 'compressible' => '/Users/zusoomro/Library/Caches/typescript/3.9/node_modules/@types/compressible/index.d.ts'
[21:55:39.411] Adding entry into typings cache: 'compression' => '/Users/zusoomro/Library/Caches/typescript/3.9/node_modules/@types/compression/index.d.ts'
[21:55:39.412] Adding entry into typings cache: 'concat-map' => '/Users/zusoomro/Library/Caches/typescript/3.9/node_modules/@types/concat-map/index.d.ts'
[21:55:39.414] Adding entry into typings cache: 'concat-stream' => '/Users/zusoomro/Library/Caches/typescript/3.9/node_modules/@types/concat-stream/index.d.ts'
[21:55:39.415] Adding entry into typings cache: 'confusing-browser-globals' => '/Users/zusoomro/Library/Caches/typescript/3.9/node_modules/@types/confusing-browser-globals/index.d.ts'
[21:55:39.417] Adding entry into typings cache: 'connect' => '/Users/zusoomro/Library/Caches/typescript/3.9/node_modules/@types/connect/index.d.ts'
[21:55:39.418] Adding entry into typings cache: 'contains-path' => '/Users/zusoomro/Library/Caches/typescript/3.9/node_modules/@types/contains-path/index.d.ts'
[21:55:39.419] Adding entry into typings cache: 'convert-source-map' => '/Users/zusoomro/Library/Caches/typescript/3.9/node_modules/@types/convert-source-map/index.d.ts'
[21:55:39.422] Adding entry into typings cache: 'cookie' => '/Users/zusoomro/Library/Caches/typescript/3.9/node_modules/@types/cookie/index.d.ts'
[21:55:39.424] Adding entry into typings cache: 'cookie-parser' => '/Users/zusoomro/Library/Caches/typescript/3.9/node_modules/@types/cookie-parser/index.d.ts'
[21:55:39.426] Adding entry into typings cache: 'cookie-signature' => '/Users/zusoomro/Library/Caches/typescript/3.9/node_modules/@types/cookie-signature/index.d.ts'
[21:55:39.427] Adding entry into typings cache: 'core-js' => '/Users/zusoomro/Library/Caches/typescript/3.9/node_modules/@types/core-js/index.d.ts'
[21:55:39.428] Adding entry into typings cache: 'cors' => '/Users/zusoomro/Library/Caches/typescript/3.9/node_modules/@types/cors/index.d.ts'
[21:55:39.430] Adding entry into typings cache: 'create-react-class' => '/Users/zusoomro/Library/Caches/typescript/3.9/node_modules/@types/create-react-class/index.d.ts'
[21:55:39.432] Adding entry into typings cache: 'cross-spawn' => '/Users/zusoomro/Library/Caches/typescript/3.9/node_modules/@types/cross-spawn/index.d.ts'
[21:55:39.434] Adding entry into typings cache: 'cssom' => '/Users/zusoomro/Library/Caches/typescript/3.9/node_modules/@types/cssom/index.d.ts'
[21:55:39.435] Adding entry into typings cache: 'cssstyle' => '/Users/zusoomro/Library/Caches/typescript/3.9/node_modules/@types/cssstyle/index.d.ts'
[21:55:39.437] Adding entry into typings cache: 'd' => '/Users/zusoomro/Library/Caches/typescript/3.9/node_modules/@types/d/index.d.ts'
[21:55:39.438] Adding entry into typings cache: 'dashdash' => '/Users/zusoomro/Library/Caches/typescript/3.9/node_modules/@types/dashdash/index.d.ts'
[21:55:39.439] Adding entry into typings cache: 'debounce' => '/Users/zusoomro/Library/Caches/typescript/3.9/node_modules/@types/debounce/index.d.ts'
[21:55:39.441] Adding entry into typings cache: 'debug' => '/Users/zusoomro/Library/Caches/typescript/3.9/node_modules/@types/debug/index.d.ts'
[21:55:39.443] Adding entry into typings cache: 'decode-uri-component' => '/Users/zusoomro/Library/Caches/typescript/3.9/node_modules/@types/decode-uri-component/index.d.ts'
[21:55:39.444] Adding entry into typings cache: 'defaults' => '/Users/zusoomro/Library/Caches/typescript/3.9/node_modules/@types/defaults/index.d.ts'
[21:55:39.445] Adding entry into typings cache: 'define-properties' => '/Users/zusoomro/Library/Caches/typescript/3.9/node_modules/@types/define-properties/index.d.ts'
[21:55:39.446] Adding entry into typings cache: 'denodeify' => '/Users/zusoomro/Library/Caches/typescript/3.9/node_modules/@types/denodeify/index.d.ts'
[21:55:39.447] Adding entry into typings cache: 'depd' => '/Users/zusoomro/Library/Caches/typescript/3.9/node_modules/@types/depd/index.d.ts'
[21:55:39.449] Adding entry into typings cache: 'destroy' => '/Users/zusoomro/Library/Caches/typescript/3.9/node_modules/@types/destroy/index.d.ts'
[21:55:39.450] Adding entry into typings cache: 'didyoumean' => '/Users/zusoomro/Library/Caches/typescript/3.9/node_modules/@types/didyoumean/index.d.ts'
[21:55:39.452] Adding entry into typings cache: 'dir-glob' => '/Users/zusoomro/Library/Caches/typescript/3.9/node_modules/@types/dir-glob/index.d.ts'
[21:55:39.454] Adding entry into typings cache: 'doctrine' => '/Users/zusoomro/Library/Caches/typescript/3.9/node_modules/@types/doctrine/index.d.ts'
[21:55:39.457] Adding entry into typings cache: 'domexception' => '/Users/zusoomro/Library/Caches/typescript/3.9/node_modules/@types/domexception/index.d.ts'
[21:55:39.459] Adding entry into typings cache: 'duplexer2' => '/Users/zusoomro/Library/Caches/typescript/3.9/node_modules/@types/duplexer2/index.d.ts'
[21:55:39.460] Adding entry into typings cache: 'ee-first' => '/Users/zusoomro/Library/Caches/typescript/3.9/node_modules/@types/ee-first/index.d.ts'
[21:55:39.462] Adding entry into typings cache: 'encodeurl' => '/Users/zusoomro/Library/Caches/typescript/3.9/node_modules/@types/encodeurl/index.d.ts'
[21:55:39.463] Adding entry into typings cache: 'end-of-stream' => '/Users/zusoomro/Library/Caches/typescript/3.9/node_modules/@types/end-of-stream/index.d.ts'
[21:55:39.464] Adding entry into typings cache: 'errorhandler' => '/Users/zusoomro/Library/Caches/typescript/3.9/node_modules/@types/errorhandler/index.d.ts'
[21:55:39.466] Adding entry into typings cache: 'es-abstract' => '/Users/zusoomro/Library/Caches/typescript/3.9/node_modules/@types/es-abstract/index.d.ts'
[21:55:39.468] Adding entry into typings cache: 'es-to-primitive' => '/Users/zusoomro/Library/Caches/typescript/3.9/node_modules/@types/es-to-primitive/index.d.ts'
[21:55:39.468] Adding entry into typings cache: 'escape-html' => '/Users/zusoomro/Library/Caches/typescript/3.9/node_modules/@types/escape-html/index.d.ts'
[21:55:39.470] Adding entry into typings cache: 'escodegen' => '/Users/zusoomro/Library/Caches/typescript/3.9/node_modules/@types/escodegen/index.d.ts'
[21:55:39.471] Adding entry into typings cache: 'eslint' => '/Users/zusoomro/Library/Caches/typescript/3.9/node_modules/@types/eslint/index.d.ts'
[21:55:39.472] Adding entry into typings cache: 'eslint-scope' => '/Users/zusoomro/Library/Caches/typescript/3.9/node_modules/@types/eslint-scope/index.d.ts'
[21:55:39.474] Adding entry into typings cache: 'eslint-visitor-keys' => '/Users/zusoomro/Library/Caches/typescript/3.9/node_modules/@types/eslint-visitor-keys/index.d.ts'
[21:55:39.475] Adding entry into typings cache: 'esprima' => '/Users/zusoomro/Library/Caches/typescript/3.9/node_modules/@types/esprima/index.d.ts'
[21:55:39.476] Adding entry into typings cache: 'esquery' => '/Users/zusoomro/Library/Caches/typescript/3.9/node_modules/@types/esquery/index.d.ts'
[21:55:39.478] Adding entry into typings cache: 'estraverse' => '/Users/zusoomro/Library/Caches/typescript/3.9/node_modules/@types/estraverse/index.d.ts'
[21:55:39.479] Adding entry into typings cache: 'etag' => '/Users/zusoomro/Library/Caches/typescript/3.9/node_modules/@types/etag/index.d.ts'
[21:55:39.480] Adding entry into typings cache: 'exit' => '/Users/zusoomro/Library/Caches/typescript/3.9/node_modules/@types/exit/index.d.ts'
[21:55:39.482] Adding entry into typings cache: 'extend' => '/Users/zusoomro/Library/Caches/typescript/3.9/node_modules/@types/extend/index.d.ts'
[21:55:39.483] Adding entry into typings cache: 'extsprintf' => '/Users/zusoomro/Library/Caches/typescript/3.9/node_modules/@types/extsprintf/index.d.ts'
[21:55:39.484] Adding entry into typings cache: 'fancy-log' => '/Users/zusoomro/Library/Caches/typescript/3.9/node_modules/@types/fancy-log/index.d.ts'
[21:55:39.485] Adding entry into typings cache: 'fast-levenshtein' => '/Users/zusoomro/Library/Caches/typescript/3.9/node_modules/@types/fast-levenshtein/index.d.ts'
[21:55:39.486] Adding entry into typings cache: 'fb-watchman' => '/Users/zusoomro/Library/Caches/typescript/3.9/node_modules/@types/fb-watchman/index.d.ts'
[21:55:39.487] Adding entry into typings cache: 'fbemitter' => '/Users/zusoomro/Library/Caches/typescript/3.9/node_modules/@types/fbemitter/index.d.ts'
[21:55:39.488] Adding entry into typings cache: 'file-entry-cache' => '/Users/zusoomro/Library/Caches/typescript/3.9/node_modules/@types/file-entry-cache/index.d.ts'
[21:55:39.489] Adding entry into typings cache: 'finalhandler' => '/Users/zusoomro/Library/Caches/typescript/3.9/node_modules/@types/finalhandler/index.d.ts'
[21:55:39.490] Adding entry into typings cache: 'find-cache-dir' => '/Users/zusoomro/Library/Caches/typescript/3.9/node_modules/@types/find-cache-dir/index.d.ts'
[21:55:39.491] Adding entry into typings cache: 'flat-cache' => '/Users/zusoomro/Library/Caches/typescript/3.9/node_modules/@types/flat-cache/index.d.ts'
[21:55:39.493] Adding entry into typings cache: 'follow-redirects' => '/Users/zusoomro/Library/Caches/typescript/3.9/node_modules/@types/follow-redirects/index.d.ts'
[21:55:39.494] Adding entry into typings cache: 'fontfaceobserver' => '/Users/zusoomro/Library/Caches/typescript/3.9/node_modules/@types/fontfaceobserver/index.d.ts'
[21:55:39.495] Adding entry into typings cache: 'forever-agent' => '/Users/zusoomro/Library/Caches/typescript/3.9/node_modules/@types/forever-agent/index.d.ts'
[21:55:39.496] Adding entry into typings cache: 'fresh' => '/Users/zusoomro/Library/Caches/typescript/3.9/node_modules/@types/fresh/index.d.ts'
[21:55:39.497] Adding entry into typings cache: 'fs-extra' => '/Users/zusoomro/Library/Caches/typescript/3.9/node_modules/@types/fs-extra/index.d.ts'
[21:55:39.502] Adding entry into typings cache: 'function-bind' => '/Users/zusoomro/Library/Caches/typescript/3.9/node_modules/@types/function-bind/ts3.9/index.d.ts'
[21:55:39.503] Adding entry into typings cache: 'get-caller-file' => '/Users/zusoomro/Library/Caches/typescript/3.9/node_modules/@types/get-caller-file/index.d.ts'
[21:55:39.505] Adding entry into typings cache: 'get-value' => '/Users/zusoomro/Library/Caches/typescript/3.9/node_modules/@types/get-value/index.d.ts'
[21:55:39.506] Adding entry into typings cache: 'getpass' => '/Users/zusoomro/Library/Caches/typescript/3.9/node_modules/@types/getpass/index.d.ts'
[21:55:39.508] Adding entry into typings cache: 'glob' => '/Users/zusoomro/Library/Caches/typescript/3.9/node_modules/@types/glob/index.d.ts'
[21:55:39.509] Adding entry into typings cache: 'glob-parent' => '/Users/zusoomro/Library/Caches/typescript/3.9/node_modules/@types/glob-parent/index.d.ts'
[21:55:39.510] Adding entry into typings cache: 'got' => '/Users/zusoomro/Library/Caches/typescript/3.9/node_modules/@types/got/index.d.ts'
[21:55:39.512] Adding entry into typings cache: 'graceful-fs' => '/Users/zusoomro/Library/Caches/typescript/3.9/node_modules/@types/graceful-fs/index.d.ts'
[21:55:39.513] Adding entry into typings cache: 'has' => '/Users/zusoomro/Library/Caches/typescript/3.9/node_modules/@types/has/index.d.ts'
[21:55:39.515] Adding entry into typings cache: 'has-symbols' => '/Users/zusoomro/Library/Caches/typescript/3.9/node_modules/@types/has-symbols/index.d.ts'
[21:55:39.517] Adding entry into typings cache: 'history' => '/Users/zusoomro/Library/Caches/typescript/3.9/node_modules/@types/history/index.d.ts'
[21:55:39.518] Adding entry into typings cache: 'hosted-git-info' => '/Users/zusoomro/Library/Caches/typescript/3.9/node_modules/@types/hosted-git-info/index.d.ts'
[21:55:39.519] Adding entry into typings cache: 'html-encoding-sniffer' => '/Users/zusoomro/Library/Caches/typescript/3.9/node_modules/@types/html-encoding-sniffer/index.d.ts'
[21:55:39.520] Adding entry into typings cache: 'html-escaper' => '/Users/zusoomro/Library/Caches/typescript/3.9/node_modules/@types/html-escaper/index.d.ts'
[21:55:39.521] Adding entry into typings cache: 'http-errors' => '/Users/zusoomro/Library/Caches/typescript/3.9/node_modules/@types/http-errors/index.d.ts'
[21:55:39.522] Adding entry into typings cache: 'immediate' => '/Users/zusoomro/Library/Caches/typescript/3.9/node_modules/@types/immediate/index.d.ts'
[21:55:39.523] Adding entry into typings cache: 'imurmurhash' => '/Users/zusoomro/Library/Caches/typescript/3.9/node_modules/@types/imurmurhash/index.d.ts'
[21:55:39.525] Adding entry into typings cache: 'inherits' => '/Users/zusoomro/Library/Caches/typescript/3.9/node_modules/@types/inherits/index.d.ts'
[21:55:39.526] Adding entry into typings cache: 'inquirer' => '/Users/zusoomro/Library/Caches/typescript/3.9/node_modules/@types/inquirer/index.d.ts'
[21:55:39.528] Adding entry into typings cache: 'intro.js' => '/Users/zusoomro/Library/Caches/typescript/3.9/node_modules/@types/intro.js/index.d.ts'
[21:55:39.529] Adding entry into typings cache: 'invariant' => '/Users/zusoomro/Library/Caches/typescript/3.9/node_modules/@types/invariant/index.d.ts'
[21:55:39.530] Adding entry into typings cache: 'is-buffer' => '/Users/zusoomro/Library/Caches/typescript/3.9/node_modules/@types/is-buffer/index.d.ts'
[21:55:39.531] Adding entry into typings cache: 'is-callable' => '/Users/zusoomro/Library/Caches/typescript/3.9/node_modules/@types/is-callable/index.d.ts'
[21:55:39.532] Adding entry into typings cache: 'is-ci' => '/Users/zusoomro/Library/Caches/typescript/3.9/node_modules/@types/is-ci/index.d.ts'
[21:55:39.535] Adding entry into typings cache: 'is-date-object' => '/Users/zusoomro/Library/Caches/typescript/3.9/node_modules/@types/is-date-object/index.d.ts'
[21:55:39.536] Adding entry into typings cache: 'is-glob' => '/Users/zusoomro/Library/Caches/typescript/3.9/node_modules/@types/is-glob/index.d.ts'
[21:55:39.537] Adding entry into typings cache: 'is-number' => '/Users/zusoomro/Library/Caches/typescript/3.9/node_modules/@types/is-number/index.d.ts'
[21:55:39.538] Adding entry into typings cache: 'is-regex' => '/Users/zusoomro/Library/Caches/typescript/3.9/node_modules/@types/is-regex/index.d.ts'
[21:55:39.539] Adding entry into typings cache: 'is-typedarray' => '/Users/zusoomro/Library/Caches/typescript/3.9/node_modules/@types/is-typedarray/index.d.ts'
[21:55:39.541] Adding entry into typings cache: 'is-url' => '/Users/zusoomro/Library/Caches/typescript/3.9/node_modules/@types/is-url/index.d.ts'
[21:55:39.542] Adding entry into typings cache: 'is-windows' => '/Users/zusoomro/Library/Caches/typescript/3.9/node_modules/@types/is-windows/index.d.ts'
[21:55:39.543] Adding entry into typings cache: 'isarray' => '/Users/zusoomro/Library/Caches/typescript/3.9/node_modules/@types/isarray/index.d.ts'
[21:55:39.544] Adding entry into typings cache: 'isexe' => '/Users/zusoomro/Library/Caches/typescript/3.9/node_modules/@types/isexe/index.d.ts'
[21:55:39.545] Adding entry into typings cache: 'isomorphic-fetch' => '/Users/zusoomro/Library/Caches/typescript/3.9/node_modules/@types/isomorphic-fetch/index.d.ts'
[21:55:39.547] Adding entry into typings cache: 'isstream' => '/Users/zusoomro/Library/Caches/typescript/3.9/node_modules/@types/isstream/index.d.ts'
[21:55:39.548] Adding entry into typings cache: 'istanbul-lib-coverage' => '/Users/zusoomro/Library/Caches/typescript/3.9/node_modules/@types/istanbul-lib-coverage/index.d.ts'
[21:55:39.549] Adding entry into typings cache: 'istanbul-lib-instrument' => '/Users/zusoomro/Library/Caches/typescript/3.9/node_modules/@types/istanbul-lib-instrument/index.d.ts'
[21:55:39.550] Adding entry into typings cache: 'istanbul-lib-report' => '/Users/zusoomro/Library/Caches/typescript/3.9/node_modules/@types/istanbul-lib-report/index.d.ts'
[21:55:39.552] Adding entry into typings cache: 'istanbul-lib-source-maps' => '/Users/zusoomro/Library/Caches/typescript/3.9/node_modules/@types/istanbul-lib-source-maps/index.d.ts'
[21:55:39.553] Adding entry into typings cache: 'istanbul-reports' => '/Users/zusoomro/Library/Caches/typescript/3.9/node_modules/@types/istanbul-reports/index.d.ts'
[21:55:39.555] Adding entry into typings cache: 'jest' => '/Users/zusoomro/Library/Caches/typescript/3.9/node_modules/@types/jest/index.d.ts'
[21:55:39.559] Adding entry into typings cache: 'js-cookie' => '/Users/zusoomro/Library/Caches/typescript/3.9/node_modules/@types/js-cookie/index.d.ts'
[21:55:39.560] Adding entry into typings cache: 'js-yaml' => '/Users/zusoomro/Library/Caches/typescript/3.9/node_modules/@types/js-yaml/index.d.ts'
[21:55:39.561] Adding entry into typings cache: 'jsbn' => '/Users/zusoomro/Library/Caches/typescript/3.9/node_modules/@types/jsbn/index.d.ts'
[21:55:39.562] Adding entry into typings cache: 'jsdom' => '/Users/zusoomro/Library/Caches/typescript/3.9/node_modules/@types/jsdom/index.d.ts'
[21:55:39.563] Adding entry into typings cache: 'jsesc' => '/Users/zusoomro/Library/Caches/typescript/3.9/node_modules/@types/jsesc/index.d.ts'
[21:55:39.564] Adding entry into typings cache: 'json-parse-better-errors' => '/Users/zusoomro/Library/Caches/typescript/3.9/node_modules/@types/json-parse-better-errors/index.d.ts'
[21:55:39.565] Adding entry into typings cache: 'json-schema' => '/Users/zusoomro/Library/Caches/typescript/3.9/node_modules/@types/json-schema/index.d.ts'
[21:55:39.567] Adding entry into typings cache: 'json-schema-traverse' => '/Users/zusoomro/Library/Caches/typescript/3.9/node_modules/@types/json-schema-traverse/index.d.ts'
[21:55:39.568] Adding entry into typings cache: 'json-stable-stringify' => '/Users/zusoomro/Library/Caches/typescript/3.9/node_modules/@types/json-stable-stringify/index.d.ts'
[21:55:39.569] Adding entry into typings cache: 'json-stringify-safe' => '/Users/zusoomro/Library/Caches/typescript/3.9/node_modules/@types/json-stringify-safe/index.d.ts'
[21:55:39.570] Adding entry into typings cache: 'json2csv' => '/Users/zusoomro/Library/Caches/typescript/3.9/node_modules/@types/json2csv/index.d.ts'
[21:55:39.571] Adding entry into typings cache: 'json5' => '/Users/zusoomro/Library/Caches/typescript/3.9/node_modules/@types/json5/index.d.ts'
[21:55:39.572] Adding entry into typings cache: 'jsonfile' => '/Users/zusoomro/Library/Caches/typescript/3.9/node_modules/@types/jsonfile/index.d.ts'
[21:55:39.574] Adding entry into typings cache: 'jsonwebtoken' => '/Users/zusoomro/Library/Caches/typescript/3.9/node_modules/@types/jsonwebtoken/index.d.ts'
[21:55:39.575] Adding entry into typings cache: 'jws' => '/Users/zusoomro/Library/Caches/typescript/3.9/node_modules/@types/jws/index.d.ts'
[21:55:39.576] Adding entry into typings cache: 'kind-of' => '/Users/zusoomro/Library/Caches/typescript/3.9/node_modules/@types/kind-of/index.d.ts'
[21:55:39.577] Adding entry into typings cache: 'klaw' => '/Users/zusoomro/Library/Caches/typescript/3.9/node_modules/@types/klaw/index.d.ts'
[21:55:39.582] Adding entry into typings cache: 'lodash' => '/Users/zusoomro/Library/Caches/typescript/3.9/node_modules/@types/lodash/index.d.ts'
[21:55:39.587] Adding entry into typings cache: 'lodash-es' => '/Users/zusoomro/Library/Caches/typescript/3.9/node_modules/@types/lodash-es/index.d.ts'
[21:55:39.588] Adding entry into typings cache: 'lodash.chunk' => '/Users/zusoomro/Library/Caches/typescript/3.9/node_modules/@types/lodash.chunk/index.d.ts'
[21:55:39.590] Adding entry into typings cache: 'lodash.clamp' => '/Users/zusoomro/Library/Caches/typescript/3.9/node_modules/@types/lodash.clamp/index.d.ts'
[21:55:39.591] Adding entry into typings cache: 'lodash.includes' => '/Users/zusoomro/Library/Caches/typescript/3.9/node_modules/@types/lodash.includes/index.d.ts'
[21:55:39.593] Adding entry into typings cache: 'lodash.isboolean' => '/Users/zusoomro/Library/Caches/typescript/3.9/node_modules/@types/lodash.isboolean/index.d.ts'
[21:55:39.595] Adding entry into typings cache: 'lodash.isinteger' => '/Users/zusoomro/Library/Caches/typescript/3.9/node_modules/@types/lodash.isinteger/index.d.ts'
[21:55:39.597] Adding entry into typings cache: 'lodash.isnumber' => '/Users/zusoomro/Library/Caches/typescript/3.9/node_modules/@types/lodash.isnumber/index.d.ts'
[21:55:39.598] Adding entry into typings cache: 'lodash.isplainobject' => '/Users/zusoomro/Library/Caches/typescript/3.9/node_modules/@types/lodash.isplainobject/index.d.ts'
[21:55:39.600] Adding entry into typings cache: 'lodash.isstring' => '/Users/zusoomro/Library/Caches/typescript/3.9/node_modules/@types/lodash.isstring/index.d.ts'
[21:55:39.601] Adding entry into typings cache: 'lodash.once' => '/Users/zusoomro/Library/Caches/typescript/3.9/node_modules/@types/lodash.once/index.d.ts'
[21:55:39.603] Adding entry into typings cache: 'lodash.sortby' => '/Users/zusoomro/Library/Caches/typescript/3.9/node_modules/@types/lodash.sortby/index.d.ts'
[21:55:39.604] Adding entry into typings cache: 'lodash.throttle' => '/Users/zusoomro/Library/Caches/typescript/3.9/node_modules/@types/lodash.throttle/index.d.ts'
[21:55:39.605] Adding entry into typings cache: 'lru-cache' => '/Users/zusoomro/Library/Caches/typescript/3.9/node_modules/@types/lru-cache/index.d.ts'
[21:55:39.606] Adding entry into typings cache: 'md5-file' => '/Users/zusoomro/Library/Caches/typescript/3.9/node_modules/@types/md5-file/index.d.ts'
[21:55:39.607] Adding entry into typings cache: 'merge-stream' => '/Users/zusoomro/Library/Caches/typescript/3.9/node_modules/@types/merge-stream/index.d.ts'
[21:55:39.609] Adding entry into typings cache: 'merge2' => '/Users/zusoomro/Library/Caches/typescript/3.9/node_modules/@types/merge2/index.d.ts'
[21:55:39.610] Adding entry into typings cache: 'micromatch' => '/Users/zusoomro/Library/Caches/typescript/3.9/node_modules/@types/micromatch/index.d.ts'
[21:55:39.611] Adding entry into typings cache: 'mime' => '/Users/zusoomro/Library/Caches/typescript/3.9/node_modules/@types/mime/index.d.ts'
[21:55:39.613] Adding entry into typings cache: 'mime-db' => '/Users/zusoomro/Library/Caches/typescript/3.9/node_modules/@types/mime-db/index.d.ts'
[21:55:39.615] Adding entry into typings cache: 'mime-types' => '/Users/zusoomro/Library/Caches/typescript/3.9/node_modules/@types/mime-types/index.d.ts'
[21:55:39.617] Adding entry into typings cache: 'minimatch' => '/Users/zusoomro/Library/Caches/typescript/3.9/node_modules/@types/minimatch/index.d.ts'
[21:55:39.618] Adding entry into typings cache: 'minimist' => '/Users/zusoomro/Library/Caches/typescript/3.9/node_modules/@types/minimist/index.d.ts'
[21:55:39.620] Adding entry into typings cache: 'minipass' => '/Users/zusoomro/Library/Caches/typescript/3.9/node_modules/@types/minipass/index.d.ts'
[21:55:39.621] Adding entry into typings cache: 'mkdirp' => '/Users/zusoomro/Library/Caches/typescript/3.9/node_modules/@types/mkdirp/index.d.ts'
[21:55:39.622] Adding entry into typings cache: 'morgan' => '/Users/zusoomro/Library/Caches/typescript/3.9/node_modules/@types/morgan/index.d.ts'
[21:55:39.624] Adding entry into typings cache: 'ms' => '/Users/zusoomro/Library/Caches/typescript/3.9/node_modules/@types/ms/index.d.ts'
[21:55:39.626] Adding entry into typings cache: 'mustache' => '/Users/zusoomro/Library/Caches/typescript/3.9/node_modules/@types/mustache/index.d.ts'
[21:55:39.628] Adding entry into typings cache: 'mute-stream' => '/Users/zusoomro/Library/Caches/typescript/3.9/node_modules/@types/mute-stream/index.d.ts'
[21:55:39.629] Adding entry into typings cache: 'nanoid' => '/Users/zusoomro/Library/Caches/typescript/3.9/node_modules/@types/nanoid/index.d.ts'
[21:55:39.630] Adding entry into typings cache: 'natural-compare' => '/Users/zusoomro/Library/Caches/typescript/3.9/node_modules/@types/natural-compare/index.d.ts'
[21:55:39.631] Adding entry into typings cache: 'negotiator' => '/Users/zusoomro/Library/Caches/typescript/3.9/node_modules/@types/negotiator/index.d.ts'
[21:55:39.633] Adding entry into typings cache: 'nice-try' => '/Users/zusoomro/Library/Caches/typescript/3.9/node_modules/@types/nice-try/index.d.ts'
[21:55:39.635] Adding entry into typings cache: 'node-fetch' => '/Users/zusoomro/Library/Caches/typescript/3.9/node_modules/@types/node-fetch/index.d.ts'
[21:55:39.636] Adding entry into typings cache: 'node-int64' => '/Users/zusoomro/Library/Caches/typescript/3.9/node_modules/@types/node-int64/index.d.ts'
[21:55:39.637] Adding entry into typings cache: 'node-notifier' => '/Users/zusoomro/Library/Caches/typescript/3.9/node_modules/@types/node-notifier/index.d.ts'
[21:55:39.638] Adding entry into typings cache: 'nopt' => '/Users/zusoomro/Library/Caches/typescript/3.9/node_modules/@types/nopt/index.d.ts'
[21:55:39.639] Adding entry into typings cache: 'normalize-package-data' => '/Users/zusoomro/Library/Caches/typescript/3.9/node_modules/@types/normalize-package-data/index.d.ts'
[21:55:39.640] Adding entry into typings cache: 'normalize-path' => '/Users/zusoomro/Library/Caches/typescript/3.9/node_modules/@types/normalize-path/index.d.ts'
[21:55:39.642] Adding entry into typings cache: 'npmlog' => '/Users/zusoomro/Library/Caches/typescript/3.9/node_modules/@types/npmlog/index.d.ts'
[21:55:39.643] Adding entry into typings cache: 'number-is-nan' => '/Users/zusoomro/Library/Caches/typescript/3.9/node_modules/@types/number-is-nan/index.d.ts'
[21:55:39.644] Adding entry into typings cache: 'object-assign' => '/Users/zusoomro/Library/Caches/typescript/3.9/node_modules/@types/object-assign/index.d.ts'
[21:55:39.645] Adding entry into typings cache: 'object-inspect' => '/Users/zusoomro/Library/Caches/typescript/3.9/node_modules/@types/object-inspect/index.d.ts'
[21:55:39.647] Adding entry into typings cache: 'object-keys' => '/Users/zusoomro/Library/Caches/typescript/3.9/node_modules/@types/object-keys/index.d.ts'
[21:55:39.648] Adding entry into typings cache: 'object.getownpropertydescriptors' => '/Users/zusoomro/Library/Caches/typescript/3.9/node_modules/@types/object.getownpropertydescriptors/index.d.ts'
[21:55:39.649] Adding entry into typings cache: 'object.omit' => '/Users/zusoomro/Library/Caches/typescript/3.9/node_modules/@types/object.omit/index.d.ts'
[21:55:39.651] Adding entry into typings cache: 'object.pick' => '/Users/zusoomro/Library/Caches/typescript/3.9/node_modules/@types/object.pick/index.d.ts'
[21:55:39.652] Adding entry into typings cache: 'on-finished' => '/Users/zusoomro/Library/Caches/typescript/3.9/node_modules/@types/on-finished/index.d.ts'
[21:55:39.653] Adding entry into typings cache: 'on-headers' => '/Users/zusoomro/Library/Caches/typescript/3.9/node_modules/@types/on-headers/index.d.ts'
[21:55:39.654] Adding entry into typings cache: 'once' => '/Users/zusoomro/Library/Caches/typescript/3.9/node_modules/@types/once/index.d.ts'
[21:55:39.655] Adding entry into typings cache: 'os-tmpdir' => '/Users/zusoomro/Library/Caches/typescript/3.9/node_modules/@types/os-tmpdir/index.d.ts'
[21:55:39.657] Adding entry into typings cache: 'page' => '/Users/zusoomro/Library/Caches/typescript/3.9/node_modules/@types/page/index.d.ts'
[21:55:39.659] Adding entry into typings cache: 'pako' => '/Users/zusoomro/Library/Caches/typescript/3.9/node_modules/@types/pako/index.d.ts'
[21:55:39.660] Adding entry into typings cache: 'parse-json' => '/Users/zusoomro/Library/Caches/typescript/3.9/node_modules/@types/parse-json/index.d.ts'
[21:55:39.661] Adding entry into typings cache: 'parse5' => '/Users/zusoomro/Library/Caches/typescript/3.9/node_modules/@types/parse5/index.d.ts'
[21:55:39.662] Adding entry into typings cache: 'parseurl' => '/Users/zusoomro/Library/Caches/typescript/3.9/node_modules/@types/parseurl/index.d.ts'
[21:55:39.663] Adding entry into typings cache: 'pascalcase' => '/Users/zusoomro/Library/Caches/typescript/3.9/node_modules/@types/pascalcase/index.d.ts'
[21:55:39.664] Adding entry into typings cache: 'path-is-absolute' => '/Users/zusoomro/Library/Caches/typescript/3.9/node_modules/@types/path-is-absolute/index.d.ts'
[21:55:39.665] Adding entry into typings cache: 'path-parse' => '/Users/zusoomro/Library/Caches/typescript/3.9/node_modules/@types/path-parse/index.d.ts'
[21:55:39.666] Adding entry into typings cache: 'picomatch' => '/Users/zusoomro/Library/Caches/typescript/3.9/node_modules/@types/picomatch/index.d.ts'
[21:55:39.668] Adding entry into typings cache: 'pify' => '/Users/zusoomro/Library/Caches/typescript/3.9/node_modules/@types/pify/index.d.ts'
[21:55:39.670] Adding entry into typings cache: 'plist' => '/Users/zusoomro/Library/Caches/typescript/3.9/node_modules/@types/plist/index.d.ts'
[21:55:39.671] Adding entry into typings cache: 'plugin-error' => '/Users/zusoomro/Library/Caches/typescript/3.9/node_modules/@types/plugin-error/index.d.ts'
[21:55:39.672] Adding entry into typings cache: 'prelude-ls' => '/Users/zusoomro/Library/Caches/typescript/3.9/node_modules/@types/prelude-ls/index.d.ts'
[21:55:39.673] Adding entry into typings cache: 'progress' => '/Users/zusoomro/Library/Caches/typescript/3.9/node_modules/@types/progress/index.d.ts'
[21:55:39.675] Adding entry into typings cache: 'prompts' => '/Users/zusoomro/Library/Caches/typescript/3.9/node_modules/@types/prompts/index.d.ts'
[21:55:39.676] Adding entry into typings cache: 'prop-types' => '/Users/zusoomro/Library/Caches/typescript/3.9/node_modules/@types/prop-types/index.d.ts'
[21:55:39.678] Adding entry into typings cache: 'psl' => '/Users/zusoomro/Library/Caches/typescript/3.9/node_modules/@types/psl/index.d.ts'
[21:55:39.680] Adding entry into typings cache: 'pump' => '/Users/zusoomro/Library/Caches/typescript/3.9/node_modules/@types/pump/index.d.ts'
[21:55:39.681] Adding entry into typings cache: 'punycode' => '/Users/zusoomro/Library/Caches/typescript/3.9/node_modules/@types/punycode/index.d.ts'
[21:55:39.682] Adding entry into typings cache: 'qs' => '/Users/zusoomro/Library/Caches/typescript/3.9/node_modules/@types/qs/index.d.ts'
[21:55:39.683] Adding entry into typings cache: 'querystringify' => '/Users/zusoomro/Library/Caches/typescript/3.9/node_modules/@types/querystringify/index.d.ts'
[21:55:39.684] Adding entry into typings cache: 'range-parser' => '/Users/zusoomro/Library/Caches/typescript/3.9/node_modules/@types/range-parser/index.d.ts'
[21:55:39.686] Adding entry into typings cache: 'react' => '/Users/zusoomro/Library/Caches/typescript/3.9/node_modules/@types/react/index.d.ts'
[21:55:39.688] Adding entry into typings cache: 'react-dom' => '/Users/zusoomro/Library/Caches/typescript/3.9/node_modules/@types/react-dom/index.d.ts'
[21:55:39.690] Adding entry into typings cache: 'react-is' => '/Users/zusoomro/Library/Caches/typescript/3.9/node_modules/@types/react-is/index.d.ts'
[21:55:39.691] Adding entry into typings cache: 'react-lifecycles-compat' => '/Users/zusoomro/Library/Caches/typescript/3.9/node_modules/@types/react-lifecycles-compat/index.d.ts'
[21:55:39.694] Adding entry into typings cache: 'react-native' => '/Users/zusoomro/Library/Caches/typescript/3.9/node_modules/@types/react-native/index.d.ts'
[21:55:39.694] Adding entry into typings cache: 'react-native-drawer-layout' => '/Users/zusoomro/Library/Caches/typescript/3.9/node_modules/@types/react-native-drawer-layout/index.d.ts'
[21:55:39.696] Adding entry into typings cache: 'react-native-vector-icons' => '/Users/zusoomro/Library/Caches/typescript/3.9/node_modules/@types/react-native-vector-icons/index.d.ts'
[21:55:39.697] Adding entry into typings cache: 'react-notification-system-redux' => '/Users/zusoomro/Library/Caches/typescript/3.9/node_modules/@types/react-notification-system-redux/index.d.ts'
[21:55:39.699] Adding entry into typings cache: 'react-redux' => '/Users/zusoomro/Library/Caches/typescript/3.9/node_modules/@types/react-redux/index.d.ts'
[21:55:39.700] Adding entry into typings cache: 'react-router' => '/Users/zusoomro/Library/Caches/typescript/3.9/node_modules/@types/react-router/index.d.ts'
[21:55:39.701] Adding entry into typings cache: 'react-router-dom' => '/Users/zusoomro/Library/Caches/typescript/3.9/node_modules/@types/react-router-dom/index.d.ts'
[21:55:39.703] Adding entry into typings cache: 'react-router-redux' => '/Users/zusoomro/Library/Caches/typescript/3.9/node_modules/@types/react-router-redux/index.d.ts'
[21:55:39.704] Adding entry into typings cache: 'readable-stream' => '/Users/zusoomro/Library/Caches/typescript/3.9/node_modules/@types/readable-stream/index.d.ts'
[21:55:39.706] Adding entry into typings cache: 'regenerator-runtime' => '/Users/zusoomro/Library/Caches/typescript/3.9/node_modules/@types/regenerator-runtime/index.d.ts'
[21:55:39.706] Adding entry into typings cache: 'repeat-element' => '/Users/zusoomro/Library/Caches/typescript/3.9/node_modules/@types/repeat-element/index.d.ts'
[21:55:39.708] Adding entry into typings cache: 'repeat-string' => '/Users/zusoomro/Library/Caches/typescript/3.9/node_modules/@types/repeat-string/index.d.ts'
[21:55:39.709] Adding entry into typings cache: 'request' => '/Users/zusoomro/Library/Caches/typescript/3.9/node_modules/@types/request/index.d.ts'
[21:55:39.710] Adding entry into typings cache: 'request-promise-native' => '/Users/zusoomro/Library/Caches/typescript/3.9/node_modules/@types/request-promise-native/index.d.ts'
[21:55:39.711] Adding entry into typings cache: 'require-directory' => '/Users/zusoomro/Library/Caches/typescript/3.9/node_modules/@types/require-directory/index.d.ts'
[21:55:39.713] Adding entry into typings cache: 'requires-port' => '/Users/zusoomro/Library/Caches/typescript/3.9/node_modules/@types/requires-port/index.d.ts'
[21:55:39.714] Adding entry into typings cache: 'resolve' => '/Users/zusoomro/Library/Caches/typescript/3.9/node_modules/@types/resolve/index.d.ts'
[21:55:39.715] Adding entry into typings cache: 'rimraf' => '/Users/zusoomro/Library/Caches/typescript/3.9/node_modules/@types/rimraf/index.d.ts'
[21:55:39.716] Adding entry into typings cache: 'rsvp' => '/Users/zusoomro/Library/Caches/typescript/3.9/node_modules/@types/rsvp/index.d.ts'
[21:55:39.717] Adding entry into typings cache: 'run-parallel' => '/Users/zusoomro/Library/Caches/typescript/3.9/node_modules/@types/run-parallel/index.d.ts'
[21:55:39.719] Adding entry into typings cache: 'rx-lite' => '/Users/zusoomro/Library/Caches/typescript/3.9/node_modules/@types/rx-lite/index.d.ts'
[21:55:39.720] Adding entry into typings cache: 'rx-lite-aggregates' => '/Users/zusoomro/Library/Caches/typescript/3.9/node_modules/@types/rx-lite-aggregates/index.d.ts'
[21:55:39.721] Adding entry into typings cache: 'safe-regex' => '/Users/zusoomro/Library/Caches/typescript/3.9/node_modules/@types/safe-regex/index.d.ts'
[21:55:39.722] Adding entry into typings cache: 'safer-buffer' => '/Users/zusoomro/Library/Caches/typescript/3.9/node_modules/@types/safer-buffer/index.d.ts'
[21:55:39.723] Adding entry into typings cache: 'sane' => '/Users/zusoomro/Library/Caches/typescript/3.9/node_modules/@types/sane/index.d.ts'
[21:55:39.724] Adding entry into typings cache: 'sax' => '/Users/zusoomro/Library/Caches/typescript/3.9/node_modules/@types/sax/index.d.ts'
[21:55:39.725] Adding entry into typings cache: 'scheduler' => '/Users/zusoomro/Library/Caches/typescript/3.9/node_modules/@types/scheduler/index.d.ts'
[21:55:39.727] Adding entry into typings cache: 'selenium-webdriver' => '/Users/zusoomro/Library/Caches/typescript/3.9/node_modules/@types/selenium-webdriver/index.d.ts'
[21:55:39.728] Adding entry into typings cache: 'semver' => '/Users/zusoomro/Library/Caches/typescript/3.9/node_modules/@types/semver/index.d.ts'
[21:55:39.731] Adding entry into typings cache: 'send' => '/Users/zusoomro/Library/Caches/typescript/3.9/node_modules/@types/send/index.d.ts'
[21:55:39.732] Adding entry into typings cache: 'serve-static' => '/Users/zusoomro/Library/Caches/typescript/3.9/node_modules/@types/serve-static/index.d.ts'
[21:55:39.733] Adding entry into typings cache: 'set-value' => '/Users/zusoomro/Library/Caches/typescript/3.9/node_modules/@types/set-value/index.d.ts'
[21:55:39.734] Adding entry into typings cache: 'setimmediate' => '/Users/zusoomro/Library/Caches/typescript/3.9/node_modules/@types/setimmediate/index.d.ts'
[21:55:39.736] Adding entry into typings cache: 'shallowequal' => '/Users/zusoomro/Library/Caches/typescript/3.9/node_modules/@types/shallowequal/index.d.ts'
[21:55:39.737] Adding entry into typings cache: 'shebang-command' => '/Users/zusoomro/Library/Caches/typescript/3.9/node_modules/@types/shebang-command/index.d.ts'
[21:55:39.738] Adding entry into typings cache: 'shell-quote' => '/Users/zusoomro/Library/Caches/typescript/3.9/node_modules/@types/shell-quote/index.d.ts'
[21:55:39.738] Adding entry into typings cache: 'signal-exit' => '/Users/zusoomro/Library/Caches/typescript/3.9/node_modules/@types/signal-exit/index.d.ts'
[21:55:39.739] Adding entry into typings cache: 'slice-ansi' => '/Users/zusoomro/Library/Caches/typescript/3.9/node_modules/@types/slice-ansi/index.d.ts'
[21:55:39.740] Adding entry into typings cache: 'source-map-support' => '/Users/zusoomro/Library/Caches/typescript/3.9/node_modules/@types/source-map-support/index.d.ts'
[21:55:39.741] Adding entry into typings cache: 'spdx-correct' => '/Users/zusoomro/Library/Caches/typescript/3.9/node_modules/@types/spdx-correct/index.d.ts'
[21:55:39.743] Adding entry into typings cache: 'spdx-expression-parse' => '/Users/zusoomro/Library/Caches/typescript/3.9/node_modules/@types/spdx-expression-parse/index.d.ts'
[21:55:39.743] Adding entry into typings cache: 'sprintf' => '/Users/zusoomro/Library/Caches/typescript/3.9/node_modules/@types/sprintf/index.d.ts'
[21:55:39.745] Adding entry into typings cache: 'sprintf-js' => '/Users/zusoomro/Library/Caches/typescript/3.9/node_modules/@types/sprintf-js/index.d.ts'
[21:55:39.746] Adding entry into typings cache: 'sshpk' => '/Users/zusoomro/Library/Caches/typescript/3.9/node_modules/@types/sshpk/index.d.ts'
[21:55:39.746] Adding entry into typings cache: 'stack-utils' => '/Users/zusoomro/Library/Caches/typescript/3.9/node_modules/@types/stack-utils/index.d.ts'
[21:55:39.747] Adding entry into typings cache: 'statuses' => '/Users/zusoomro/Library/Caches/typescript/3.9/node_modules/@types/statuses/index.d.ts'
[21:55:39.748] Adding entry into typings cache: 'stream-buffers' => '/Users/zusoomro/Library/Caches/typescript/3.9/node_modules/@types/stream-buffers/index.d.ts'
[21:55:39.749] Adding entry into typings cache: 'strict-uri-encode' => '/Users/zusoomro/Library/Caches/typescript/3.9/node_modules/@types/strict-uri-encode/index.d.ts'
[21:55:39.751] Adding entry into typings cache: 'styled-components' => '/Users/zusoomro/Library/Caches/typescript/3.9/node_modules/@types/styled-components/index.d.ts'
[21:55:39.752] Adding entry into typings cache: 'supports-color' => '/Users/zusoomro/Library/Caches/typescript/3.9/node_modules/@types/supports-color/index.d.ts'
[21:55:39.753] Adding entry into typings cache: 'symbol-tree' => '/Users/zusoomro/Library/Caches/typescript/3.9/node_modules/@types/symbol-tree/index.d.ts'
[21:55:39.755] Adding entry into typings cache: 'table' => '/Users/zusoomro/Library/Caches/typescript/3.9/node_modules/@types/table/index.d.ts'
[21:55:39.756] Adding entry into typings cache: 'tar' => '/Users/zusoomro/Library/Caches/typescript/3.9/node_modules/@types/tar/index.d.ts'
[21:55:39.757] Adding entry into typings cache: 'tcp-port-used' => '/Users/zusoomro/Library/Caches/typescript/3.9/node_modules/@types/tcp-port-used/index.d.ts'
[21:55:39.758] Adding entry into typings cache: 'temp' => '/Users/zusoomro/Library/Caches/typescript/3.9/node_modules/@types/temp/index.d.ts'
[21:55:39.759] Adding entry into typings cache: 'text-table' => '/Users/zusoomro/Library/Caches/typescript/3.9/node_modules/@types/text-table/index.d.ts'
[21:55:39.760] Adding entry into typings cache: 'through' => '/Users/zusoomro/Library/Caches/typescript/3.9/node_modules/@types/through/index.d.ts'
[21:55:39.762] Adding entry into typings cache: 'through2' => '/Users/zusoomro/Library/Caches/typescript/3.9/node_modules/@types/through2/index.d.ts'
[21:55:39.763] Adding entry into typings cache: 'tmp' => '/Users/zusoomro/Library/Caches/typescript/3.9/node_modules/@types/tmp/index.d.ts'
[21:55:39.764] Adding entry into typings cache: 'toposort' => '/Users/zusoomro/Library/Caches/typescript/3.9/node_modules/@types/toposort/index.d.ts'
[21:55:39.765] Adding entry into typings cache: 'tough-cookie' => '/Users/zusoomro/Library/Caches/typescript/3.9/node_modules/@types/tough-cookie/index.d.ts'
[21:55:39.766] Adding entry into typings cache: 'traverse' => '/Users/zusoomro/Library/Caches/typescript/3.9/node_modules/@types/traverse/index.d.ts'
[21:55:39.767] Adding entry into typings cache: 'type-check' => '/Users/zusoomro/Library/Caches/typescript/3.9/node_modules/@types/type-check/index.d.ts'
[21:55:39.768] Adding entry into typings cache: 'ua-parser-js' => '/Users/zusoomro/Library/Caches/typescript/3.9/node_modules/@types/ua-parser-js/index.d.ts'
[21:55:39.769] Adding entry into typings cache: 'uglify-es' => '/Users/zusoomro/Library/Caches/typescript/3.9/node_modules/@types/uglify-es/index.d.ts'
[21:55:39.770] Adding entry into typings cache: 'universalify' => '/Users/zusoomro/Library/Caches/typescript/3.9/node_modules/@types/universalify/index.d.ts'
[21:55:39.770] Adding entry into typings cache: 'urix' => '/Users/zusoomro/Library/Caches/typescript/3.9/node_modules/@types/urix/index.d.ts'
[21:55:39.771] Adding entry into typings cache: 'url-parse' => '/Users/zusoomro/Library/Caches/typescript/3.9/node_modules/@types/url-parse/index.d.ts'
[21:55:39.772] Adding entry into typings cache: 'use-subscription' => '/Users/zusoomro/Library/Caches/typescript/3.9/node_modules/@types/use-subscription/index.d.ts'
[21:55:39.773] Adding entry into typings cache: 'util-deprecate' => '/Users/zusoomro/Library/Caches/typescript/3.9/node_modules/@types/util-deprecate/index.d.ts'
[21:55:39.774] Adding entry into typings cache: 'util.promisify' => '/Users/zusoomro/Library/Caches/typescript/3.9/node_modules/@types/util.promisify/index.d.ts'
[21:55:39.775] Adding entry into typings cache: 'utils-merge' => '/Users/zusoomro/Library/Caches/typescript/3.9/node_modules/@types/utils-merge/index.d.ts'
[21:55:39.776] Adding entry into typings cache: 'uuid' => '/Users/zusoomro/Library/Caches/typescript/3.9/node_modules/@types/uuid/index.d.ts'
[21:55:39.777] Adding entry into typings cache: 'validate-npm-package-license' => '/Users/zusoomro/Library/Caches/typescript/3.9/node_modules/@types/validate-npm-package-license/index.d.ts'
[21:55:39.778] Adding entry into typings cache: 'vary' => '/Users/zusoomro/Library/Caches/typescript/3.9/node_modules/@types/vary/index.d.ts'
[21:55:39.779] Adding entry into typings cache: 'verror' => '/Users/zusoomro/Library/Caches/typescript/3.9/node_modules/@types/verror/index.d.ts'
[21:55:39.780] Adding entry into typings cache: 'wcwidth' => '/Users/zusoomro/Library/Caches/typescript/3.9/node_modules/@types/wcwidth/index.d.ts'
[21:55:39.781] Adding entry into typings cache: 'webidl-conversions' => '/Users/zusoomro/Library/Caches/typescript/3.9/node_modules/@types/webidl-conversions/index.d.ts'
[21:55:39.782] Adding entry into typings cache: 'whatwg-encoding' => '/Users/zusoomro/Library/Caches/typescript/3.9/node_modules/@types/whatwg-encoding/index.d.ts'
[21:55:39.783] Adding entry into typings cache: 'whatwg-mimetype' => '/Users/zusoomro/Library/Caches/typescript/3.9/node_modules/@types/whatwg-mimetype/index.d.ts'
[21:55:39.784] Adding entry into typings cache: 'whatwg-url' => '/Users/zusoomro/Library/Caches/typescript/3.9/node_modules/@types/whatwg-url/index.d.ts'
[21:55:39.785] Adding entry into typings cache: 'which' => '/Users/zusoomro/Library/Caches/typescript/3.9/node_modules/@types/which/index.d.ts'
[21:55:39.786] Adding entry into typings cache: 'winjs' => '/Users/zusoomro/Library/Caches/typescript/3.9/node_modules/@types/winjs/index.d.ts'
[21:55:39.787] Adding entry into typings cache: 'wordwrap' => '/Users/zusoomro/Library/Caches/typescript/3.9/node_modules/@types/wordwrap/index.d.ts'
[21:55:39.788] Adding entry into typings cache: 'wrap-ansi' => '/Users/zusoomro/Library/Caches/typescript/3.9/node_modules/@types/wrap-ansi/index.d.ts'
[21:55:39.789] Adding entry into typings cache: 'write' => '/Users/zusoomro/Library/Caches/typescript/3.9/node_modules/@types/write/index.d.ts'
[21:55:39.790] Adding entry into typings cache: 'write-file-atomic' => '/Users/zusoomro/Library/Caches/typescript/3.9/node_modules/@types/write-file-atomic/index.d.ts'
[21:55:39.791] Adding entry into typings cache: 'ws' => '/Users/zusoomro/Library/Caches/typescript/3.9/node_modules/@types/ws/index.d.ts'
[21:55:39.792] Adding entry into typings cache: 'xml2js' => '/Users/zusoomro/Library/Caches/typescript/3.9/node_modules/@types/xml2js/index.d.ts'
[21:55:39.793] Adding entry into typings cache: 'xmldoc' => '/Users/zusoomro/Library/Caches/typescript/3.9/node_modules/@types/xmldoc/index.d.ts'
[21:55:39.794] Adding entry into typings cache: 'xmldom' => '/Users/zusoomro/Library/Caches/typescript/3.9/node_modules/@types/xmldom/index.d.ts'
[21:55:39.794] Adding entry into typings cache: 'xtend' => '/Users/zusoomro/Library/Caches/typescript/3.9/node_modules/@types/xtend/index.d.ts'
[21:55:39.795] Adding entry into typings cache: 'y18n' => '/Users/zusoomro/Library/Caches/typescript/3.9/node_modules/@types/y18n/index.d.ts'
[21:55:39.796] Adding entry into typings cache: 'yallist' => '/Users/zusoomro/Library/Caches/typescript/3.9/node_modules/@types/yallist/index.d.ts'
[21:55:39.797] Adding entry into typings cache: 'yargs' => '/Users/zusoomro/Library/Caches/typescript/3.9/node_modules/@types/yargs/index.d.ts'
[21:55:39.798] Adding entry into typings cache: 'yargs-parser' => '/Users/zusoomro/Library/Caches/typescript/3.9/node_modules/@types/yargs-parser/index.d.ts'
[21:55:39.799] Adding entry into typings cache: 'yauzl' => '/Users/zusoomro/Library/Caches/typescript/3.9/node_modules/@types/yauzl/index.d.ts'
[21:55:39.800] Adding entry into typings cache: 'yup' => '/Users/zusoomro/Library/Caches/typescript/3.9/node_modules/@types/yup/index.d.ts'
[21:55:39.800] Finished processing cache location '/Users/zusoomro/Library/Caches/typescript/3.9'
[21:55:39.801] Process id: 10143
[21:55:39.801] NPM location: /Users/zusoomro/.nvm/versions/node/v10.21.0/bin/npm (explicit '--npmLocation' not  provided)
[21:55:39.801] validateDefaultNpmLocation: false
[21:55:39.801] Npm config file: /Users/zusoomro/Library/Caches/typescript/3.9/package.json
[21:55:39.801] Updating types-registry npm package...
[21:55:39.801] Exec: /Users/zusoomro/.nvm/versions/node/v10.21.0/bin/npm install --ignore-scripts types-registry@latest
[21:55:42.504]     Succeeded. stdout:
    + types-registry@0.1.512
    updated 1 package and audited 424 packages in 1.889s

2 packages are looking for funding
  run `npm fund` for details

found 0 vulnerabilities


[21:55:42.504] Updated types-registry npm package
[22:38:0.458] Got install request {"projectName":"/dev/null/inferredProject1*","fileNames":[],"compilerOptions":{"target":1,"jsx":1,"allowNonTsExtensions":true,"allowJs":true,"noEmitForJsFiles":true},"typeAcquisition":{"enable":true,"include":[],"exclude":[]},"unresolvedImports":[],"projectRootPath":"/Users/zusoomro/code/cis400/api/src","kind":"discover"}
[22:38:0.470] Loaded safelist from types map file '/users/zusoomro/code/cis400/mobile/node_modules/typescript/lib/typesmap.json'
[22:38:0.471] Explicitly included types: []
[22:38:0.472] Inferred typings from unresolved imports: []
[22:38:0.473] Result: {"cachedTypingPaths":[],"newTypingNames":[],"filesToWatch":["/Users/zusoomro/code/cis400/api/src/bower_components","/Users/zusoomro/code/cis400/api/src/node_modules"]}
[22:38:0.473] Finished typings discovery: {"cachedTypingPaths":[],"newTypingNames":[],"filesToWatch":["/Users/zusoomro/code/cis400/api/src/bower_components","/Users/zusoomro/code/cis400/api/src/node_modules"]}
[22:38:0.473] DirectoryWatcher:: Added:: WatchInfo: /Users/zusoomro/code/cis400/api/src/bower_components
[22:38:0.475] DirectoryWatcher:: Added:: WatchInfo: /Users/zusoomro/code/cis400/api/src/node_modules
[22:38:0.476] Sending response:
    {"projectName":"/dev/null/inferredProject1*","typeAcquisition":{"enable":true,"include":[],"exclude":[]},"compilerOptions":{"target":1,"jsx":1,"allowNonTsExtensions":true,"allowJs":true,"noEmitForJsFiles":true},"typings":[],"unresolvedImports":[],"kind":"action::set"}
[22:38:0.476] Response has been sent.
[22:38:0.476] No new typings were requested as a result of typings discovery
