[18:43:44.801] Global cache location '/Users/zusoomro/Library/Caches/typescript/4.0', safe file path '/users/zusoomro/code/cis400/api/node_modules/typescript/lib/typingsafelist.json', types map path /users/zusoomro/code/cis400/api/node_modules/typescript/lib/typesmap.json
[18:43:44.804] Processing cache location '/Users/zusoomro/Library/Caches/typescript/4.0'
[18:43:44.804] Trying to find '/Users/zusoomro/Library/Caches/typescript/4.0/package.json'...
[18:43:44.810] Loaded content of '/Users/zusoomro/Library/Caches/typescript/4.0/package.json': {"private":true,"dependencies":{"types-registry":"^0.1.512"},"devDependencies":{"@types/abbrev":"^1.1.1","@types/accepts":"^1.3.5","@types/adm-zip":"^0.4.33","@types/ansi-styles":"^3.2.1","@types/anymatch":"^1.3.1","@types/argparse":"^2.0.2","@types/arr-diff":"^4.0.0","@types/arr-union":"^3.1.0","@types/array-unique":"^0.3.0","@types/array.prototype.flat":"^1.2.1","@types/asn1":"^0.2.0","@types/assert-plus":"^1.0.4","@types/atob":"^2.1.2","@types/aws4":"^1.5.1","@types/balanced-match":"^1.0.1","@types/bindings":"^1.3.0","@types/bluebird":"^3.5.32","@types/body-parser":"^1.19.0","@types/brace-expansion":"^1.1.0","@types/braces":"^3.0.0","@types/browser-resolve":"^2.0.0","@types/bser":"^2.0.0","@types/buffer-crc32":"^0.2.0","@types/buffer-from":"^1.1.0","@types/bytes":"^3.1.0","@types/cacheable-request":"^6.0.1","@types/caseless":"^0.12.2","@types/chownr":"^1.0.0","@types/chromedriver":"^81.0.0","@types/ci-info":"^2.0.0","@types/co":"^4.6.2","@types/color-convert":"^1.9.0","@types/color-name":"^1.1.1","@types/combined-stream":"^1.0.2","@types/component-emitter":"^1.2.10","@types/concat-map":"0.0.0","@types/configstore":"^4.0.0","@types/confusing-browser-globals":"^1.0.0","@types/contains-path":"^1.0.0","@types/content-disposition":"^0.5.3","@types/content-type":"^1.1.3","@types/convert-source-map":"^1.5.1","@types/cookie":"^0.4.0","@types/cookie-signature":"^1.0.3","@types/cross-spawn":"^6.0.2","@types/cssom":"^0.4.1","@types/cssstyle":"^2.2.1","@types/dashdash":"^1.14.0","@types/debug":"^4.1.5","@types/decode-uri-component":"^0.2.0","@types/deep-extend":"^0.4.31","@types/define-properties":"^1.1.3","@types/depd":"^1.1.32","@types/destroy":"^1.0.0","@types/diff":"^4.0.2","@types/dir-glob":"^2.0.0","@types/doctrine":"0.0.3","@types/domexception":"^2.0.1","@types/duplexer2":"^0.1.2","@types/duplexer3":"^0.1.0","@types/ee-first":"^1.1.0","@types/encodeurl":"^1.0.0","@types/end-of-stream":"^1.4.0","@types/es-abstract":"^1.17.1","@types/es-to-primitive":"^1.2.4","@types/escape-html":"^1.0.0","@types/escodegen":"0.0.6","@types/eslint":"^7.2.4","@types/eslint-scope":"^3.7.0","@types/eslint-visitor-keys":"^1.0.0","@types/esm":"^3.2.0","@types/esprima":"^4.0.2","@types/esquery":"^1.0.1","@types/estraverse":"^5.1.0","@types/etag":"^1.8.0","@types/exit":"^0.1.31","@types/expand-tilde":"^2.0.0","@types/express":"^4.17.8","@types/extend":"^3.0.1","@types/extsprintf":"^1.4.1","@types/fast-levenshtein":"0.0.1","@types/fb-watchman":"^2.0.0","@types/file-entry-cache":"^5.0.1","@types/finalhandler":"^1.1.0","@types/findup-sync":"^2.0.2","@types/fined":"^1.1.2","@types/flagged-respawn":"^1.0.1","@types/flat-cache":"^2.0.0","@types/follow-redirects":"^1.13.0","@types/forever-agent":"^0.6.0","@types/forwarded":"^0.1.0","@types/fresh":"^0.5.0","@types/function-bind":"^1.1.5","@types/get-caller-file":"^1.0.0","@types/get-value":"^3.0.1","@types/getpass":"^0.1.0","@types/glob":"^7.1.3","@types/glob-parent":"^5.1.0","@types/global-modules":"^2.0.0","@types/global-prefix":"^3.0.0","@types/got":"^9.6.11","@types/graceful-fs":"^4.1.3","@types/has":"^1.0.0","@types/has-symbols":"^1.0.0","@types/hosted-git-info":"^3.0.1","@types/html-encoding-sniffer":"^2.0.1","@types/html-escaper":"^3.0.0","@types/http-cache-semantics":"^4.0.0","@types/http-errors":"^1.8.0","@types/immediate":"^3.2.0","@types/imurmurhash":"^0.1.1","@types/inherits":"0.0.30","@types/ini":"^1.3.30","@types/interpret":"^1.1.1","@types/invariant":"^2.2.34","@types/is-absolute":"^1.0.0","@types/is-buffer":"^2.0.0","@types/is-callable":"^1.1.0","@types/is-ci":"^2.0.0","@types/is-date-object":"^1.0.1","@types/is-glob":"^4.0.1","@types/is-number":"^7.0.1","@types/is-regex":"^1.0.0","@types/is-relative":"^1.0.0","@types/is-typedarray":"^1.0.0","@types/is-unc-path":"^1.0.0","@types/is-url":"^1.2.28","@types/is-windows":"^1.0.0","@types/isarray":"^2.0.0","@types/isexe":"^2.0.0","@types/isstream":"^0.1.0","@types/istanbul-lib-coverage":"^2.0.3","@types/istanbul-lib-instrument":"^1.7.4","@types/istanbul-lib-report":"^3.0.0","@types/istanbul-lib-source-maps":"^4.0.1","@types/istanbul-reports":"^3.0.0","@types/jest":"^26.0.14","@types/js-yaml":"^3.12.5","@types/jsbn":"^1.2.29","@types/jsdom":"^16.2.4","@types/jsesc":"^2.5.1","@types/json-buffer":"^3.0.0","@types/json-parse-better-errors":"^1.0.0","@types/json-schema":"^7.0.6","@types/json-schema-traverse":"^0.4.0","@types/json-stringify-safe":"^5.0.0","@types/json5":"0.0.30","@types/keyv":"^3.1.1","@types/kind-of":"^6.0.0","@types/liftoff":"^2.5.0","@types/lodash":"^4.14.162","@types/lodash.sortby":"^4.7.6","@types/media-typer":"^1.1.0","@types/merge-descriptors":"^1.0.1","@types/merge-stream":"^1.1.2","@types/merge2":"^1.3.0","@types/methods":"^1.1.1","@types/micromatch":"^4.0.1","@types/mime":"^2.0.3","@types/mime-db":"^1.43.0","@types/mime-types":"^2.1.0","@types/minimatch":"^3.0.3","@types/minimist":"^1.2.0","@types/minipass":"^2.2.0","@types/mkdirp":"^1.0.1","@types/ms":"^0.7.31","@types/natural-compare":"^1.4.0","@types/negotiator":"^0.6.1","@types/nice-try":"^2.0.0","@types/node-fetch":"^2.5.7","@types/node-int64":"^0.4.29","@types/node-notifier":"^8.0.0","@types/nodemon":"^1.19.0","@types/nopt":"^3.0.29","@types/normalize-package-data":"^2.4.0","@types/normalize-path":"^3.0.0","@types/object-assign":"^4.0.30","@types/object-inspect":"^1.6.1","@types/object-keys":"^1.0.1","@types/object.getownpropertydescriptors":"^2.1.1","@types/object.pick":"^1.3.0","@types/on-finished":"^2.3.1","@types/once":"^1.4.0","@types/os-tmpdir":"^1.0.0","@types/pako":"^1.0.1","@types/parse-filepath":"^1.0.0","@types/parse-json":"^4.0.0","@types/parse-passwd":"^1.0.0","@types/parse5":"^5.0.3","@types/parseurl":"^1.3.1","@types/pascalcase":"^1.0.0","@types/path-is-absolute":"^1.0.0","@types/path-parse":"^1.0.19","@types/pg":"^7.14.5","@types/pg-pool":"^2.0.2","@types/pg-types":"^1.11.5","@types/picomatch":"^2.2.1","@types/pify":"^3.0.2","@types/prelude-ls":"^1.1.29","@types/prettier":"^2.1.1","@types/progress":"^2.0.3","@types/prompts":"^2.0.9","@types/proxy-addr":"^2.0.0","@types/psl":"^1.1.0","@types/pump":"^1.1.0","@types/punycode":"^2.1.0","@types/qs":"^6.9.5","@types/range-parser":"^1.2.3","@types/rc":"^1.1.0","@types/react-is":"^16.7.1","@types/readable-stream":"^2.3.9","@types/rechoir":"^0.6.1","@types/registry-auth-token":"^3.3.0","@types/repeat-element":"^1.1.0","@types/repeat-string":"^1.6.0","@types/request":"^2.48.5","@types/request-promise-native":"^1.0.17","@types/require-directory":"^2.1.1","@types/resolve":"^1.17.1","@types/responselike":"^1.0.0","@types/rimraf":"^3.0.0","@types/rsvp":"^4.0.3","@types/run-parallel":"^1.1.0","@types/safe-regex":"^1.1.2","@types/safer-buffer":"^2.1.0","@types/sane":"^2.0.0","@types/sax":"^1.2.1","@types/selenium-webdriver":"^4.0.9","@types/semver":"^7.3.4","@types/send":"^0.14.5","@types/serve-static":"^1.13.5","@types/set-value":"^2.0.0","@types/shebang-command":"^1.2.0","@types/signal-exit":"^3.0.0","@types/slice-ansi":"^4.0.0","@types/source-map-support":"^0.5.3","@types/spdx-correct":"^2.0.0","@types/split":"^1.0.0","@types/sprintf":"^0.1.0","@types/sprintf-js":"^1.1.2","@types/sshpk":"^1.10.5","@types/stack-utils":"^2.0.0","@types/statuses":"^2.0.0","@types/supports-color":"^5.3.0","@types/symbol-tree":"^3.2.1","@types/table":"^6.0.0","@types/tar":"^4.0.3","@types/tcp-port-used":"^1.0.0","@types/text-table":"^0.2.1","@types/through":"0.0.30","@types/tmp":"^0.2.0","@types/touch":"^3.1.1","@types/tough-cookie":"^4.0.0","@types/type-check":"^0.3.27","@types/type-is":"^1.6.3","@types/unc-path-regex":"^0.1.0","@types/update-notifier":"^5.0.0","@types/urix":"^0.1.0","@types/util-deprecate":"^1.0.0","@types/util.promisify":"^1.0.4","@types/utils-merge":"0.0.28","@types/uuid":"^8.3.0","@types/v8flags":"^3.1.1","@types/validate-npm-package-license":"^3.0.0","@types/vary":"^1.1.0","@types/verror":"^1.10.4","@types/webidl-conversions":"^6.1.0","@types/whatwg-encoding":"^1.0.0","@types/whatwg-mimetype":"^2.1.0","@types/whatwg-url":"^8.0.0","@types/which":"^1.3.2","@types/wrap-ansi":"^3.0.0","@types/write":"^2.0.0","@types/write-file-atomic":"^3.0.1","@types/ws":"^7.2.7","@types/xtend":"^4.0.3","@types/y18n":"^4.0.0","@types/yallist":"^3.0.1","@types/yargs":"^15.0.8","@types/yargs-parser":"^15.0.0","@types/yauzl":"^2.9.1"}}
[18:43:44.810] Loaded content of '/Users/zusoomro/Library/Caches/typescript/4.0/package-lock.json'
[18:43:44.829] Adding entry into typings cache: 'abbrev' => '/Users/zusoomro/Library/Caches/typescript/4.0/node_modules/@types/abbrev/index.d.ts'
[18:43:44.834] Adding entry into typings cache: 'accepts' => '/Users/zusoomro/Library/Caches/typescript/4.0/node_modules/@types/accepts/index.d.ts'
[18:43:44.839] Adding entry into typings cache: 'adm-zip' => '/Users/zusoomro/Library/Caches/typescript/4.0/node_modules/@types/adm-zip/index.d.ts'
[18:43:44.845] Adding entry into typings cache: 'ansi-styles' => '/Users/zusoomro/Library/Caches/typescript/4.0/node_modules/ansi-styles/index.d.ts'
[18:43:44.849] Adding entry into typings cache: 'anymatch' => '/Users/zusoomro/Library/Caches/typescript/4.0/node_modules/@types/anymatch/index.d.ts'
[18:43:44.853] Adding entry into typings cache: 'argparse' => '/Users/zusoomro/Library/Caches/typescript/4.0/node_modules/@types/argparse/index.d.ts'
[18:43:44.855] Adding entry into typings cache: 'arr-diff' => '/Users/zusoomro/Library/Caches/typescript/4.0/node_modules/@types/arr-diff/index.d.ts'
[18:43:44.859] Adding entry into typings cache: 'arr-union' => '/Users/zusoomro/Library/Caches/typescript/4.0/node_modules/@types/arr-union/index.d.ts'
[18:43:44.861] Adding entry into typings cache: 'array-unique' => '/Users/zusoomro/Library/Caches/typescript/4.0/node_modules/@types/array-unique/index.d.ts'
[18:43:44.864] Adding entry into typings cache: 'array.prototype.flat' => '/Users/zusoomro/Library/Caches/typescript/4.0/node_modules/@types/array.prototype.flat/index.d.ts'
[18:43:44.866] Adding entry into typings cache: 'asn1' => '/Users/zusoomro/Library/Caches/typescript/4.0/node_modules/@types/asn1/index.d.ts'
[18:43:44.868] Adding entry into typings cache: 'assert-plus' => '/Users/zusoomro/Library/Caches/typescript/4.0/node_modules/@types/assert-plus/index.d.ts'
[18:43:44.870] Adding entry into typings cache: 'atob' => '/Users/zusoomro/Library/Caches/typescript/4.0/node_modules/@types/atob/index.d.ts'
[18:43:44.872] Adding entry into typings cache: 'aws4' => '/Users/zusoomro/Library/Caches/typescript/4.0/node_modules/@types/aws4/index.d.ts'
[18:43:44.875] Adding entry into typings cache: 'balanced-match' => '/Users/zusoomro/Library/Caches/typescript/4.0/node_modules/@types/balanced-match/index.d.ts'
[18:43:44.877] Adding entry into typings cache: 'bindings' => '/Users/zusoomro/Library/Caches/typescript/4.0/node_modules/@types/bindings/index.d.ts'
[18:43:44.879] Adding entry into typings cache: 'bluebird' => '/Users/zusoomro/Library/Caches/typescript/4.0/node_modules/@types/bluebird/index.d.ts'
[18:43:44.881] Adding entry into typings cache: 'body-parser' => '/Users/zusoomro/Library/Caches/typescript/4.0/node_modules/@types/body-parser/index.d.ts'
[18:43:44.883] Adding entry into typings cache: 'brace-expansion' => '/Users/zusoomro/Library/Caches/typescript/4.0/node_modules/@types/brace-expansion/index.d.ts'
[18:43:44.885] Adding entry into typings cache: 'braces' => '/Users/zusoomro/Library/Caches/typescript/4.0/node_modules/@types/braces/index.d.ts'
[18:43:44.888] Adding entry into typings cache: 'browser-resolve' => '/Users/zusoomro/Library/Caches/typescript/4.0/node_modules/@types/browser-resolve/index.d.ts'
[18:43:44.890] Adding entry into typings cache: 'bser' => '/Users/zusoomro/Library/Caches/typescript/4.0/node_modules/@types/bser/index.d.ts'
[18:43:44.893] Adding entry into typings cache: 'buffer-crc32' => '/Users/zusoomro/Library/Caches/typescript/4.0/node_modules/@types/buffer-crc32/index.d.ts'
[18:43:44.894] Adding entry into typings cache: 'buffer-from' => '/Users/zusoomro/Library/Caches/typescript/4.0/node_modules/@types/buffer-from/index.d.ts'
[18:43:44.896] Adding entry into typings cache: 'bytes' => '/Users/zusoomro/Library/Caches/typescript/4.0/node_modules/@types/bytes/index.d.ts'
[18:43:44.899] Adding entry into typings cache: 'cacheable-request' => '/Users/zusoomro/Library/Caches/typescript/4.0/node_modules/@types/cacheable-request/index.d.ts'
[18:43:44.901] Adding entry into typings cache: 'caseless' => '/Users/zusoomro/Library/Caches/typescript/4.0/node_modules/@types/caseless/index.d.ts'
[18:43:44.903] Adding entry into typings cache: 'chownr' => '/Users/zusoomro/Library/Caches/typescript/4.0/node_modules/@types/chownr/index.d.ts'
[18:43:44.905] Adding entry into typings cache: 'chromedriver' => '/Users/zusoomro/Library/Caches/typescript/4.0/node_modules/@types/chromedriver/index.d.ts'
[18:43:44.907] Adding entry into typings cache: 'ci-info' => '/Users/zusoomro/Library/Caches/typescript/4.0/node_modules/@types/ci-info/index.d.ts'
[18:43:44.909] Adding entry into typings cache: 'co' => '/Users/zusoomro/Library/Caches/typescript/4.0/node_modules/@types/co/index.d.ts'
[18:43:44.913] Adding entry into typings cache: 'color-convert' => '/Users/zusoomro/Library/Caches/typescript/4.0/node_modules/@types/color-convert/index.d.ts'
[18:43:44.917] Adding entry into typings cache: 'color-name' => '/Users/zusoomro/Library/Caches/typescript/4.0/node_modules/@types/color-name/index.d.ts'
[18:43:44.921] Adding entry into typings cache: 'combined-stream' => '/Users/zusoomro/Library/Caches/typescript/4.0/node_modules/@types/combined-stream/index.d.ts'
[18:43:44.923] Adding entry into typings cache: 'component-emitter' => '/Users/zusoomro/Library/Caches/typescript/4.0/node_modules/@types/component-emitter/index.d.ts'
[18:43:44.926] Adding entry into typings cache: 'concat-map' => '/Users/zusoomro/Library/Caches/typescript/4.0/node_modules/@types/concat-map/index.d.ts'
[18:43:44.928] Adding entry into typings cache: 'configstore' => '/Users/zusoomro/Library/Caches/typescript/4.0/node_modules/@types/configstore/index.d.ts'
[18:43:44.929] Adding entry into typings cache: 'confusing-browser-globals' => '/Users/zusoomro/Library/Caches/typescript/4.0/node_modules/@types/confusing-browser-globals/index.d.ts'
[18:43:44.931] Adding entry into typings cache: 'contains-path' => '/Users/zusoomro/Library/Caches/typescript/4.0/node_modules/@types/contains-path/index.d.ts'
[18:43:44.934] Adding entry into typings cache: 'content-disposition' => '/Users/zusoomro/Library/Caches/typescript/4.0/node_modules/@types/content-disposition/index.d.ts'
[18:43:44.936] Adding entry into typings cache: 'content-type' => '/Users/zusoomro/Library/Caches/typescript/4.0/node_modules/@types/content-type/index.d.ts'
[18:43:44.939] Adding entry into typings cache: 'convert-source-map' => '/Users/zusoomro/Library/Caches/typescript/4.0/node_modules/@types/convert-source-map/index.d.ts'
[18:43:44.940] Adding entry into typings cache: 'cookie' => '/Users/zusoomro/Library/Caches/typescript/4.0/node_modules/@types/cookie/index.d.ts'
[18:43:44.942] Adding entry into typings cache: 'cookie-signature' => '/Users/zusoomro/Library/Caches/typescript/4.0/node_modules/@types/cookie-signature/index.d.ts'
[18:43:44.944] Adding entry into typings cache: 'cross-spawn' => '/Users/zusoomro/Library/Caches/typescript/4.0/node_modules/@types/cross-spawn/index.d.ts'
[18:43:44.946] Adding entry into typings cache: 'cssom' => '/Users/zusoomro/Library/Caches/typescript/4.0/node_modules/@types/cssom/index.d.ts'
[18:43:44.947] Adding entry into typings cache: 'cssstyle' => '/Users/zusoomro/Library/Caches/typescript/4.0/node_modules/@types/cssstyle/index.d.ts'
[18:43:44.948] Adding entry into typings cache: 'dashdash' => '/Users/zusoomro/Library/Caches/typescript/4.0/node_modules/@types/dashdash/index.d.ts'
[18:43:44.952] Adding entry into typings cache: 'debug' => '/Users/zusoomro/Library/Caches/typescript/4.0/node_modules/@types/debug/index.d.ts'
[18:43:44.953] Adding entry into typings cache: 'decode-uri-component' => '/Users/zusoomro/Library/Caches/typescript/4.0/node_modules/@types/decode-uri-component/index.d.ts'
[18:43:44.955] Adding entry into typings cache: 'deep-extend' => '/Users/zusoomro/Library/Caches/typescript/4.0/node_modules/@types/deep-extend/index.d.ts'
[18:43:44.956] Adding entry into typings cache: 'define-properties' => '/Users/zusoomro/Library/Caches/typescript/4.0/node_modules/@types/define-properties/index.d.ts'
[18:43:44.957] Adding entry into typings cache: 'depd' => '/Users/zusoomro/Library/Caches/typescript/4.0/node_modules/@types/depd/index.d.ts'
[18:43:44.959] Adding entry into typings cache: 'destroy' => '/Users/zusoomro/Library/Caches/typescript/4.0/node_modules/@types/destroy/index.d.ts'
[18:43:44.960] Adding entry into typings cache: 'diff' => '/Users/zusoomro/Library/Caches/typescript/4.0/node_modules/@types/diff/index.d.ts'
[18:43:44.961] Adding entry into typings cache: 'dir-glob' => '/Users/zusoomro/Library/Caches/typescript/4.0/node_modules/@types/dir-glob/index.d.ts'
[18:43:44.963] Adding entry into typings cache: 'doctrine' => '/Users/zusoomro/Library/Caches/typescript/4.0/node_modules/@types/doctrine/index.d.ts'
[18:43:44.966] Adding entry into typings cache: 'domexception' => '/Users/zusoomro/Library/Caches/typescript/4.0/node_modules/@types/domexception/index.d.ts'
[18:43:44.970] Adding entry into typings cache: 'duplexer2' => '/Users/zusoomro/Library/Caches/typescript/4.0/node_modules/@types/duplexer2/index.d.ts'
[18:43:44.971] Adding entry into typings cache: 'duplexer3' => '/Users/zusoomro/Library/Caches/typescript/4.0/node_modules/@types/duplexer3/index.d.ts'
[18:43:44.973] Adding entry into typings cache: 'ee-first' => '/Users/zusoomro/Library/Caches/typescript/4.0/node_modules/@types/ee-first/index.d.ts'
[18:43:44.975] Adding entry into typings cache: 'encodeurl' => '/Users/zusoomro/Library/Caches/typescript/4.0/node_modules/@types/encodeurl/index.d.ts'
[18:43:44.976] Adding entry into typings cache: 'end-of-stream' => '/Users/zusoomro/Library/Caches/typescript/4.0/node_modules/@types/end-of-stream/index.d.ts'
[18:43:44.978] Adding entry into typings cache: 'es-abstract' => '/Users/zusoomro/Library/Caches/typescript/4.0/node_modules/@types/es-abstract/index.d.ts'
[18:43:44.980] Adding entry into typings cache: 'es-to-primitive' => '/Users/zusoomro/Library/Caches/typescript/4.0/node_modules/@types/es-to-primitive/index.d.ts'
[18:43:44.981] Adding entry into typings cache: 'escape-html' => '/Users/zusoomro/Library/Caches/typescript/4.0/node_modules/@types/escape-html/index.d.ts'
[18:43:44.983] Adding entry into typings cache: 'escodegen' => '/Users/zusoomro/Library/Caches/typescript/4.0/node_modules/@types/escodegen/index.d.ts'
[18:43:44.985] Adding entry into typings cache: 'eslint' => '/Users/zusoomro/Library/Caches/typescript/4.0/node_modules/@types/eslint/index.d.ts'
[18:43:44.987] Adding entry into typings cache: 'eslint-scope' => '/Users/zusoomro/Library/Caches/typescript/4.0/node_modules/@types/eslint-scope/index.d.ts'
[18:43:44.988] Adding entry into typings cache: 'eslint-visitor-keys' => '/Users/zusoomro/Library/Caches/typescript/4.0/node_modules/@types/eslint-visitor-keys/index.d.ts'
[18:43:44.990] Adding entry into typings cache: 'esm' => '/Users/zusoomro/Library/Caches/typescript/4.0/node_modules/@types/esm/index.d.ts'
[18:43:44.991] Adding entry into typings cache: 'esprima' => '/Users/zusoomro/Library/Caches/typescript/4.0/node_modules/@types/esprima/index.d.ts'
[18:43:44.992] Adding entry into typings cache: 'esquery' => '/Users/zusoomro/Library/Caches/typescript/4.0/node_modules/@types/esquery/index.d.ts'
[18:43:44.993] Adding entry into typings cache: 'estraverse' => '/Users/zusoomro/Library/Caches/typescript/4.0/node_modules/@types/estraverse/index.d.ts'
[18:43:44.994] Adding entry into typings cache: 'etag' => '/Users/zusoomro/Library/Caches/typescript/4.0/node_modules/@types/etag/index.d.ts'
[18:43:44.995] Adding entry into typings cache: 'exit' => '/Users/zusoomro/Library/Caches/typescript/4.0/node_modules/@types/exit/index.d.ts'
[18:43:44.996] Adding entry into typings cache: 'expand-tilde' => '/Users/zusoomro/Library/Caches/typescript/4.0/node_modules/@types/expand-tilde/index.d.ts'
[18:43:44.997] Adding entry into typings cache: 'express' => '/Users/zusoomro/Library/Caches/typescript/4.0/node_modules/@types/express/index.d.ts'
[18:43:44.998] Adding entry into typings cache: 'extend' => '/Users/zusoomro/Library/Caches/typescript/4.0/node_modules/@types/extend/index.d.ts'
[18:43:44.999] Adding entry into typings cache: 'extsprintf' => '/Users/zusoomro/Library/Caches/typescript/4.0/node_modules/@types/extsprintf/index.d.ts'
[18:43:45.1] Adding entry into typings cache: 'fast-levenshtein' => '/Users/zusoomro/Library/Caches/typescript/4.0/node_modules/@types/fast-levenshtein/index.d.ts'
[18:43:45.3] Adding entry into typings cache: 'fb-watchman' => '/Users/zusoomro/Library/Caches/typescript/4.0/node_modules/@types/fb-watchman/index.d.ts'
[18:43:45.6] Adding entry into typings cache: 'file-entry-cache' => '/Users/zusoomro/Library/Caches/typescript/4.0/node_modules/@types/file-entry-cache/index.d.ts'
[18:43:45.7] Adding entry into typings cache: 'finalhandler' => '/Users/zusoomro/Library/Caches/typescript/4.0/node_modules/@types/finalhandler/index.d.ts'
[18:43:45.8] Adding entry into typings cache: 'findup-sync' => '/Users/zusoomro/Library/Caches/typescript/4.0/node_modules/@types/findup-sync/index.d.ts'
[18:43:45.10] Adding entry into typings cache: 'fined' => '/Users/zusoomro/Library/Caches/typescript/4.0/node_modules/@types/fined/index.d.ts'
[18:43:45.10] Adding entry into typings cache: 'flagged-respawn' => '/Users/zusoomro/Library/Caches/typescript/4.0/node_modules/@types/flagged-respawn/index.d.ts'
[18:43:45.12] Adding entry into typings cache: 'flat-cache' => '/Users/zusoomro/Library/Caches/typescript/4.0/node_modules/@types/flat-cache/index.d.ts'
[18:43:45.13] Adding entry into typings cache: 'follow-redirects' => '/Users/zusoomro/Library/Caches/typescript/4.0/node_modules/@types/follow-redirects/index.d.ts'
[18:43:45.14] Adding entry into typings cache: 'forever-agent' => '/Users/zusoomro/Library/Caches/typescript/4.0/node_modules/@types/forever-agent/index.d.ts'
[18:43:45.15] Adding entry into typings cache: 'forwarded' => '/Users/zusoomro/Library/Caches/typescript/4.0/node_modules/@types/forwarded/index.d.ts'
[18:43:45.16] Adding entry into typings cache: 'fresh' => '/Users/zusoomro/Library/Caches/typescript/4.0/node_modules/@types/fresh/index.d.ts'
[18:43:45.19] Adding entry into typings cache: 'function-bind' => '/Users/zusoomro/Library/Caches/typescript/4.0/node_modules/@types/function-bind/index.d.ts'
[18:43:45.21] Adding entry into typings cache: 'get-caller-file' => '/Users/zusoomro/Library/Caches/typescript/4.0/node_modules/@types/get-caller-file/index.d.ts'
[18:43:45.22] Adding entry into typings cache: 'get-value' => '/Users/zusoomro/Library/Caches/typescript/4.0/node_modules/@types/get-value/index.d.ts'
[18:43:45.23] Adding entry into typings cache: 'getpass' => '/Users/zusoomro/Library/Caches/typescript/4.0/node_modules/@types/getpass/index.d.ts'
[18:43:45.25] Adding entry into typings cache: 'glob' => '/Users/zusoomro/Library/Caches/typescript/4.0/node_modules/@types/glob/index.d.ts'
[18:43:45.26] Adding entry into typings cache: 'glob-parent' => '/Users/zusoomro/Library/Caches/typescript/4.0/node_modules/@types/glob-parent/index.d.ts'
[18:43:45.27] Adding entry into typings cache: 'global-modules' => '/Users/zusoomro/Library/Caches/typescript/4.0/node_modules/@types/global-modules/index.d.ts'
[18:43:45.28] Adding entry into typings cache: 'global-prefix' => '/Users/zusoomro/Library/Caches/typescript/4.0/node_modules/@types/global-prefix/index.d.ts'
[18:43:45.30] Adding entry into typings cache: 'got' => '/Users/zusoomro/Library/Caches/typescript/4.0/node_modules/@types/got/index.d.ts'
[18:43:45.31] Adding entry into typings cache: 'graceful-fs' => '/Users/zusoomro/Library/Caches/typescript/4.0/node_modules/@types/graceful-fs/index.d.ts'
[18:43:45.32] Adding entry into typings cache: 'has' => '/Users/zusoomro/Library/Caches/typescript/4.0/node_modules/@types/has/index.d.ts'
[18:43:45.33] Adding entry into typings cache: 'has-symbols' => '/Users/zusoomro/Library/Caches/typescript/4.0/node_modules/@types/has-symbols/index.d.ts'
[18:43:45.34] Adding entry into typings cache: 'hosted-git-info' => '/Users/zusoomro/Library/Caches/typescript/4.0/node_modules/@types/hosted-git-info/index.d.ts'
[18:43:45.35] Adding entry into typings cache: 'html-encoding-sniffer' => '/Users/zusoomro/Library/Caches/typescript/4.0/node_modules/@types/html-encoding-sniffer/index.d.ts'
[18:43:45.36] Adding entry into typings cache: 'html-escaper' => '/Users/zusoomro/Library/Caches/typescript/4.0/node_modules/@types/html-escaper/index.d.ts'
[18:43:45.38] Adding entry into typings cache: 'http-cache-semantics' => '/Users/zusoomro/Library/Caches/typescript/4.0/node_modules/@types/http-cache-semantics/index.d.ts'
[18:43:45.39] Adding entry into typings cache: 'http-errors' => '/Users/zusoomro/Library/Caches/typescript/4.0/node_modules/@types/http-errors/index.d.ts'
[18:43:45.40] Adding entry into typings cache: 'immediate' => '/Users/zusoomro/Library/Caches/typescript/4.0/node_modules/@types/immediate/index.d.ts'
[18:43:45.41] Adding entry into typings cache: 'imurmurhash' => '/Users/zusoomro/Library/Caches/typescript/4.0/node_modules/@types/imurmurhash/index.d.ts'
[18:43:45.42] Adding entry into typings cache: 'inherits' => '/Users/zusoomro/Library/Caches/typescript/4.0/node_modules/@types/inherits/index.d.ts'
[18:43:45.44] Adding entry into typings cache: 'ini' => '/Users/zusoomro/Library/Caches/typescript/4.0/node_modules/@types/ini/index.d.ts'
[18:43:45.46] Adding entry into typings cache: 'interpret' => '/Users/zusoomro/Library/Caches/typescript/4.0/node_modules/@types/interpret/index.d.ts'
[18:43:45.47] Adding entry into typings cache: 'invariant' => '/Users/zusoomro/Library/Caches/typescript/4.0/node_modules/@types/invariant/index.d.ts'
[18:43:45.49] Adding entry into typings cache: 'is-absolute' => '/Users/zusoomro/Library/Caches/typescript/4.0/node_modules/@types/is-absolute/index.d.ts'
[18:43:45.51] Adding entry into typings cache: 'is-buffer' => '/Users/zusoomro/Library/Caches/typescript/4.0/node_modules/@types/is-buffer/index.d.ts'
[18:43:45.52] Adding entry into typings cache: 'is-callable' => '/Users/zusoomro/Library/Caches/typescript/4.0/node_modules/@types/is-callable/index.d.ts'
[18:43:45.53] Adding entry into typings cache: 'is-ci' => '/Users/zusoomro/Library/Caches/typescript/4.0/node_modules/@types/is-ci/index.d.ts'
[18:43:45.54] Adding entry into typings cache: 'is-date-object' => '/Users/zusoomro/Library/Caches/typescript/4.0/node_modules/@types/is-date-object/index.d.ts'
[18:43:45.56] Adding entry into typings cache: 'is-glob' => '/Users/zusoomro/Library/Caches/typescript/4.0/node_modules/@types/is-glob/index.d.ts'
[18:43:45.58] Adding entry into typings cache: 'is-number' => '/Users/zusoomro/Library/Caches/typescript/4.0/node_modules/@types/is-number/index.d.ts'
[18:43:45.59] Adding entry into typings cache: 'is-regex' => '/Users/zusoomro/Library/Caches/typescript/4.0/node_modules/@types/is-regex/index.d.ts'
[18:43:45.61] Adding entry into typings cache: 'is-relative' => '/Users/zusoomro/Library/Caches/typescript/4.0/node_modules/@types/is-relative/index.d.ts'
[18:43:45.62] Adding entry into typings cache: 'is-typedarray' => '/Users/zusoomro/Library/Caches/typescript/4.0/node_modules/@types/is-typedarray/index.d.ts'
[18:43:45.63] Adding entry into typings cache: 'is-unc-path' => '/Users/zusoomro/Library/Caches/typescript/4.0/node_modules/@types/is-unc-path/index.d.ts'
[18:43:45.64] Adding entry into typings cache: 'is-url' => '/Users/zusoomro/Library/Caches/typescript/4.0/node_modules/@types/is-url/index.d.ts'
[18:43:45.65] Adding entry into typings cache: 'is-windows' => '/Users/zusoomro/Library/Caches/typescript/4.0/node_modules/@types/is-windows/index.d.ts'
[18:43:45.67] Adding entry into typings cache: 'isarray' => '/Users/zusoomro/Library/Caches/typescript/4.0/node_modules/@types/isarray/index.d.ts'
[18:43:45.68] Adding entry into typings cache: 'isexe' => '/Users/zusoomro/Library/Caches/typescript/4.0/node_modules/@types/isexe/index.d.ts'
[18:43:45.69] Adding entry into typings cache: 'isstream' => '/Users/zusoomro/Library/Caches/typescript/4.0/node_modules/@types/isstream/index.d.ts'
[18:43:45.71] Adding entry into typings cache: 'istanbul-lib-coverage' => '/Users/zusoomro/Library/Caches/typescript/4.0/node_modules/@types/istanbul-lib-coverage/index.d.ts'
[18:43:45.72] Adding entry into typings cache: 'istanbul-lib-instrument' => '/Users/zusoomro/Library/Caches/typescript/4.0/node_modules/@types/istanbul-lib-instrument/index.d.ts'
[18:43:45.77] Adding entry into typings cache: 'istanbul-lib-report' => '/Users/zusoomro/Library/Caches/typescript/4.0/node_modules/@types/istanbul-lib-report/index.d.ts'
[18:43:45.78] Adding entry into typings cache: 'istanbul-lib-source-maps' => '/Users/zusoomro/Library/Caches/typescript/4.0/node_modules/@types/istanbul-lib-source-maps/index.d.ts'
[18:43:45.79] Adding entry into typings cache: 'istanbul-reports' => '/Users/zusoomro/Library/Caches/typescript/4.0/node_modules/@types/istanbul-reports/index.d.ts'
[18:43:45.81] Adding entry into typings cache: 'jest' => '/Users/zusoomro/Library/Caches/typescript/4.0/node_modules/@types/jest/index.d.ts'
[18:43:45.82] Adding entry into typings cache: 'js-yaml' => '/Users/zusoomro/Library/Caches/typescript/4.0/node_modules/@types/js-yaml/index.d.ts'
[18:43:45.83] Adding entry into typings cache: 'jsbn' => '/Users/zusoomro/Library/Caches/typescript/4.0/node_modules/@types/jsbn/index.d.ts'
[18:43:45.86] Adding entry into typings cache: 'jsdom' => '/Users/zusoomro/Library/Caches/typescript/4.0/node_modules/@types/jsdom/index.d.ts'
[18:43:45.87] Adding entry into typings cache: 'jsesc' => '/Users/zusoomro/Library/Caches/typescript/4.0/node_modules/@types/jsesc/index.d.ts'
[18:43:45.88] Adding entry into typings cache: 'json-buffer' => '/Users/zusoomro/Library/Caches/typescript/4.0/node_modules/@types/json-buffer/index.d.ts'
[18:43:45.89] Adding entry into typings cache: 'json-parse-better-errors' => '/Users/zusoomro/Library/Caches/typescript/4.0/node_modules/@types/json-parse-better-errors/index.d.ts'
[18:43:45.90] Adding entry into typings cache: 'json-schema' => '/Users/zusoomro/Library/Caches/typescript/4.0/node_modules/@types/json-schema/index.d.ts'
[18:43:45.92] Adding entry into typings cache: 'json-schema-traverse' => '/Users/zusoomro/Library/Caches/typescript/4.0/node_modules/@types/json-schema-traverse/index.d.ts'
[18:43:45.93] Adding entry into typings cache: 'json-stringify-safe' => '/Users/zusoomro/Library/Caches/typescript/4.0/node_modules/@types/json-stringify-safe/index.d.ts'
[18:43:45.94] Adding entry into typings cache: 'json5' => '/Users/zusoomro/Library/Caches/typescript/4.0/node_modules/@types/json5/index.d.ts'
[18:43:45.95] Adding entry into typings cache: 'keyv' => '/Users/zusoomro/Library/Caches/typescript/4.0/node_modules/@types/keyv/index.d.ts'
[18:43:45.96] Adding entry into typings cache: 'kind-of' => '/Users/zusoomro/Library/Caches/typescript/4.0/node_modules/@types/kind-of/index.d.ts'
[18:43:45.97] Adding entry into typings cache: 'liftoff' => '/Users/zusoomro/Library/Caches/typescript/4.0/node_modules/@types/liftoff/index.d.ts'
[18:43:45.100] Adding entry into typings cache: 'lodash' => '/Users/zusoomro/Library/Caches/typescript/4.0/node_modules/@types/lodash/index.d.ts'
[18:43:45.102] Adding entry into typings cache: 'lodash.sortby' => '/Users/zusoomro/Library/Caches/typescript/4.0/node_modules/@types/lodash.sortby/index.d.ts'
[18:43:45.102] Adding entry into typings cache: 'media-typer' => '/Users/zusoomro/Library/Caches/typescript/4.0/node_modules/@types/media-typer/index.d.ts'
[18:43:45.104] Adding entry into typings cache: 'merge-descriptors' => '/Users/zusoomro/Library/Caches/typescript/4.0/node_modules/@types/merge-descriptors/index.d.ts'
[18:43:45.107] Adding entry into typings cache: 'merge-stream' => '/Users/zusoomro/Library/Caches/typescript/4.0/node_modules/@types/merge-stream/index.d.ts'
[18:43:45.108] Adding entry into typings cache: 'merge2' => '/Users/zusoomro/Library/Caches/typescript/4.0/node_modules/@types/merge2/index.d.ts'
[18:43:45.109] Adding entry into typings cache: 'methods' => '/Users/zusoomro/Library/Caches/typescript/4.0/node_modules/@types/methods/index.d.ts'
[18:43:45.111] Adding entry into typings cache: 'micromatch' => '/Users/zusoomro/Library/Caches/typescript/4.0/node_modules/@types/micromatch/index.d.ts'
[18:43:45.112] Adding entry into typings cache: 'mime' => '/Users/zusoomro/Library/Caches/typescript/4.0/node_modules/@types/mime/index.d.ts'
[18:43:45.115] Adding entry into typings cache: 'mime-db' => '/Users/zusoomro/Library/Caches/typescript/4.0/node_modules/@types/mime-db/index.d.ts'
[18:43:45.118] Adding entry into typings cache: 'mime-types' => '/Users/zusoomro/Library/Caches/typescript/4.0/node_modules/@types/mime-types/index.d.ts'
[18:43:45.119] Adding entry into typings cache: 'minimatch' => '/Users/zusoomro/Library/Caches/typescript/4.0/node_modules/@types/minimatch/index.d.ts'
[18:43:45.121] Adding entry into typings cache: 'minimist' => '/Users/zusoomro/Library/Caches/typescript/4.0/node_modules/@types/minimist/index.d.ts'
[18:43:45.123] Adding entry into typings cache: 'minipass' => '/Users/zusoomro/Library/Caches/typescript/4.0/node_modules/@types/minipass/index.d.ts'
[18:43:45.124] Adding entry into typings cache: 'mkdirp' => '/Users/zusoomro/Library/Caches/typescript/4.0/node_modules/@types/mkdirp/index.d.ts'
[18:43:45.126] Adding entry into typings cache: 'ms' => '/Users/zusoomro/Library/Caches/typescript/4.0/node_modules/@types/ms/index.d.ts'
[18:43:45.128] Adding entry into typings cache: 'natural-compare' => '/Users/zusoomro/Library/Caches/typescript/4.0/node_modules/@types/natural-compare/index.d.ts'
[18:43:45.130] Adding entry into typings cache: 'negotiator' => '/Users/zusoomro/Library/Caches/typescript/4.0/node_modules/@types/negotiator/index.d.ts'
[18:43:45.132] Adding entry into typings cache: 'nice-try' => '/Users/zusoomro/Library/Caches/typescript/4.0/node_modules/@types/nice-try/index.d.ts'
[18:43:45.135] Adding entry into typings cache: 'node-fetch' => '/Users/zusoomro/Library/Caches/typescript/4.0/node_modules/@types/node-fetch/index.d.ts'
[18:43:45.136] Adding entry into typings cache: 'node-int64' => '/Users/zusoomro/Library/Caches/typescript/4.0/node_modules/@types/node-int64/index.d.ts'
[18:43:45.138] Adding entry into typings cache: 'node-notifier' => '/Users/zusoomro/Library/Caches/typescript/4.0/node_modules/@types/node-notifier/index.d.ts'
[18:43:45.139] Adding entry into typings cache: 'nodemon' => '/Users/zusoomro/Library/Caches/typescript/4.0/node_modules/@types/nodemon/index.d.ts'
[18:43:45.140] Adding entry into typings cache: 'nopt' => '/Users/zusoomro/Library/Caches/typescript/4.0/node_modules/@types/nopt/index.d.ts'
[18:43:45.141] Adding entry into typings cache: 'normalize-package-data' => '/Users/zusoomro/Library/Caches/typescript/4.0/node_modules/@types/normalize-package-data/index.d.ts'
[18:43:45.143] Adding entry into typings cache: 'normalize-path' => '/Users/zusoomro/Library/Caches/typescript/4.0/node_modules/@types/normalize-path/index.d.ts'
[18:43:45.144] Adding entry into typings cache: 'object-assign' => '/Users/zusoomro/Library/Caches/typescript/4.0/node_modules/@types/object-assign/index.d.ts'
[18:43:45.145] Adding entry into typings cache: 'object-inspect' => '/Users/zusoomro/Library/Caches/typescript/4.0/node_modules/@types/object-inspect/index.d.ts'
[18:43:45.146] Adding entry into typings cache: 'object-keys' => '/Users/zusoomro/Library/Caches/typescript/4.0/node_modules/@types/object-keys/index.d.ts'
[18:43:45.147] Adding entry into typings cache: 'object.getownpropertydescriptors' => '/Users/zusoomro/Library/Caches/typescript/4.0/node_modules/@types/object.getownpropertydescriptors/index.d.ts'
[18:43:45.149] Adding entry into typings cache: 'object.pick' => '/Users/zusoomro/Library/Caches/typescript/4.0/node_modules/@types/object.pick/index.d.ts'
[18:43:45.150] Adding entry into typings cache: 'on-finished' => '/Users/zusoomro/Library/Caches/typescript/4.0/node_modules/@types/on-finished/index.d.ts'
[18:43:45.151] Adding entry into typings cache: 'once' => '/Users/zusoomro/Library/Caches/typescript/4.0/node_modules/@types/once/index.d.ts'
[18:43:45.153] Adding entry into typings cache: 'os-tmpdir' => '/Users/zusoomro/Library/Caches/typescript/4.0/node_modules/@types/os-tmpdir/index.d.ts'
[18:43:45.154] Adding entry into typings cache: 'pako' => '/Users/zusoomro/Library/Caches/typescript/4.0/node_modules/@types/pako/index.d.ts'
[18:43:45.155] Adding entry into typings cache: 'parse-filepath' => '/Users/zusoomro/Library/Caches/typescript/4.0/node_modules/@types/parse-filepath/index.d.ts'
[18:43:45.156] Adding entry into typings cache: 'parse-json' => '/Users/zusoomro/Library/Caches/typescript/4.0/node_modules/@types/parse-json/index.d.ts'
[18:43:45.157] Adding entry into typings cache: 'parse-passwd' => '/Users/zusoomro/Library/Caches/typescript/4.0/node_modules/@types/parse-passwd/index.d.ts'
[18:43:45.159] Adding entry into typings cache: 'parse5' => '/Users/zusoomro/Library/Caches/typescript/4.0/node_modules/@types/parse5/index.d.ts'
[18:43:45.160] Adding entry into typings cache: 'parseurl' => '/Users/zusoomro/Library/Caches/typescript/4.0/node_modules/@types/parseurl/index.d.ts'
[18:43:45.161] Adding entry into typings cache: 'pascalcase' => '/Users/zusoomro/Library/Caches/typescript/4.0/node_modules/@types/pascalcase/index.d.ts'
[18:43:45.162] Adding entry into typings cache: 'path-is-absolute' => '/Users/zusoomro/Library/Caches/typescript/4.0/node_modules/@types/path-is-absolute/index.d.ts'
[18:43:45.163] Adding entry into typings cache: 'path-parse' => '/Users/zusoomro/Library/Caches/typescript/4.0/node_modules/@types/path-parse/index.d.ts'
[18:43:45.166] Adding entry into typings cache: 'pg' => '/Users/zusoomro/Library/Caches/typescript/4.0/node_modules/@types/pg/index.d.ts'
[18:43:45.167] Adding entry into typings cache: 'pg-pool' => '/Users/zusoomro/Library/Caches/typescript/4.0/node_modules/@types/pg-pool/index.d.ts'
[18:43:45.168] Adding entry into typings cache: 'pg-types' => '/Users/zusoomro/Library/Caches/typescript/4.0/node_modules/@types/pg-types/index.d.ts'
[18:43:45.169] Adding entry into typings cache: 'picomatch' => '/Users/zusoomro/Library/Caches/typescript/4.0/node_modules/@types/picomatch/index.d.ts'
[18:43:45.170] Adding entry into typings cache: 'pify' => '/Users/zusoomro/Library/Caches/typescript/4.0/node_modules/@types/pify/index.d.ts'
[18:43:45.172] Adding entry into typings cache: 'prelude-ls' => '/Users/zusoomro/Library/Caches/typescript/4.0/node_modules/@types/prelude-ls/index.d.ts'
[18:43:45.175] Adding entry into typings cache: 'prettier' => '/Users/zusoomro/Library/Caches/typescript/4.0/node_modules/@types/prettier/index.d.ts'
[18:43:45.177] Adding entry into typings cache: 'progress' => '/Users/zusoomro/Library/Caches/typescript/4.0/node_modules/@types/progress/index.d.ts'
[18:43:45.178] Adding entry into typings cache: 'prompts' => '/Users/zusoomro/Library/Caches/typescript/4.0/node_modules/@types/prompts/index.d.ts'
[18:43:45.179] Adding entry into typings cache: 'proxy-addr' => '/Users/zusoomro/Library/Caches/typescript/4.0/node_modules/@types/proxy-addr/index.d.ts'
[18:43:45.181] Adding entry into typings cache: 'psl' => '/Users/zusoomro/Library/Caches/typescript/4.0/node_modules/@types/psl/index.d.ts'
[18:43:45.182] Adding entry into typings cache: 'pump' => '/Users/zusoomro/Library/Caches/typescript/4.0/node_modules/@types/pump/index.d.ts'
[18:43:45.184] Adding entry into typings cache: 'punycode' => '/Users/zusoomro/Library/Caches/typescript/4.0/node_modules/@types/punycode/index.d.ts'
[18:43:45.185] Adding entry into typings cache: 'qs' => '/Users/zusoomro/Library/Caches/typescript/4.0/node_modules/@types/qs/index.d.ts'
[18:43:45.186] Adding entry into typings cache: 'range-parser' => '/Users/zusoomro/Library/Caches/typescript/4.0/node_modules/@types/range-parser/index.d.ts'
[18:43:45.187] Adding entry into typings cache: 'rc' => '/Users/zusoomro/Library/Caches/typescript/4.0/node_modules/@types/rc/index.d.ts'
[18:43:45.190] Adding entry into typings cache: 'react-is' => '/Users/zusoomro/Library/Caches/typescript/4.0/node_modules/@types/react-is/index.d.ts'
[18:43:45.191] Adding entry into typings cache: 'readable-stream' => '/Users/zusoomro/Library/Caches/typescript/4.0/node_modules/@types/readable-stream/index.d.ts'
[18:43:45.192] Adding entry into typings cache: 'rechoir' => '/Users/zusoomro/Library/Caches/typescript/4.0/node_modules/@types/rechoir/index.d.ts'
[18:43:45.193] Adding entry into typings cache: 'registry-auth-token' => '/Users/zusoomro/Library/Caches/typescript/4.0/node_modules/@types/registry-auth-token/index.d.ts'
[18:43:45.194] Adding entry into typings cache: 'repeat-element' => '/Users/zusoomro/Library/Caches/typescript/4.0/node_modules/@types/repeat-element/index.d.ts'
[18:43:45.195] Adding entry into typings cache: 'repeat-string' => '/Users/zusoomro/Library/Caches/typescript/4.0/node_modules/@types/repeat-string/index.d.ts'
[18:43:45.196] Adding entry into typings cache: 'request' => '/Users/zusoomro/Library/Caches/typescript/4.0/node_modules/@types/request/index.d.ts'
[18:43:45.198] Adding entry into typings cache: 'request-promise-native' => '/Users/zusoomro/Library/Caches/typescript/4.0/node_modules/@types/request-promise-native/index.d.ts'
[18:43:45.199] Adding entry into typings cache: 'require-directory' => '/Users/zusoomro/Library/Caches/typescript/4.0/node_modules/@types/require-directory/index.d.ts'
[18:43:45.200] Adding entry into typings cache: 'resolve' => '/Users/zusoomro/Library/Caches/typescript/4.0/node_modules/@types/resolve/index.d.ts'
[18:43:45.201] Adding entry into typings cache: 'responselike' => '/Users/zusoomro/Library/Caches/typescript/4.0/node_modules/@types/responselike/index.d.ts'
[18:43:45.202] Adding entry into typings cache: 'rimraf' => '/Users/zusoomro/Library/Caches/typescript/4.0/node_modules/@types/rimraf/index.d.ts'
[18:43:45.202] Adding entry into typings cache: 'rsvp' => '/Users/zusoomro/Library/Caches/typescript/4.0/node_modules/@types/rsvp/index.d.ts'
[18:43:45.203] Adding entry into typings cache: 'run-parallel' => '/Users/zusoomro/Library/Caches/typescript/4.0/node_modules/@types/run-parallel/index.d.ts'
[18:43:45.205] Adding entry into typings cache: 'safe-regex' => '/Users/zusoomro/Library/Caches/typescript/4.0/node_modules/@types/safe-regex/index.d.ts'
[18:43:45.206] Adding entry into typings cache: 'safer-buffer' => '/Users/zusoomro/Library/Caches/typescript/4.0/node_modules/@types/safer-buffer/index.d.ts'
[18:43:45.207] Adding entry into typings cache: 'sane' => '/Users/zusoomro/Library/Caches/typescript/4.0/node_modules/@types/sane/index.d.ts'
[18:43:45.209] Adding entry into typings cache: 'sax' => '/Users/zusoomro/Library/Caches/typescript/4.0/node_modules/@types/sax/index.d.ts'
[18:43:45.211] Adding entry into typings cache: 'selenium-webdriver' => '/Users/zusoomro/Library/Caches/typescript/4.0/node_modules/@types/selenium-webdriver/index.d.ts'
[18:43:45.213] Adding entry into typings cache: 'semver' => '/Users/zusoomro/Library/Caches/typescript/4.0/node_modules/@types/semver/index.d.ts'
[18:43:45.214] Adding entry into typings cache: 'send' => '/Users/zusoomro/Library/Caches/typescript/4.0/node_modules/@types/send/index.d.ts'
[18:43:45.215] Adding entry into typings cache: 'serve-static' => '/Users/zusoomro/Library/Caches/typescript/4.0/node_modules/@types/serve-static/index.d.ts'
[18:43:45.215] Adding entry into typings cache: 'set-value' => '/Users/zusoomro/Library/Caches/typescript/4.0/node_modules/@types/set-value/index.d.ts'
[18:43:45.217] Adding entry into typings cache: 'shebang-command' => '/Users/zusoomro/Library/Caches/typescript/4.0/node_modules/@types/shebang-command/index.d.ts'
[18:43:45.218] Adding entry into typings cache: 'signal-exit' => '/Users/zusoomro/Library/Caches/typescript/4.0/node_modules/@types/signal-exit/index.d.ts'
[18:43:45.219] Adding entry into typings cache: 'slice-ansi' => '/Users/zusoomro/Library/Caches/typescript/4.0/node_modules/@types/slice-ansi/index.d.ts'
[18:43:45.220] Adding entry into typings cache: 'source-map-support' => '/Users/zusoomro/Library/Caches/typescript/4.0/node_modules/@types/source-map-support/index.d.ts'
[18:43:45.221] Adding entry into typings cache: 'spdx-correct' => '/Users/zusoomro/Library/Caches/typescript/4.0/node_modules/@types/spdx-correct/index.d.ts'
[18:43:45.222] Adding entry into typings cache: 'split' => '/Users/zusoomro/Library/Caches/typescript/4.0/node_modules/@types/split/index.d.ts'
[18:43:45.224] Adding entry into typings cache: 'sprintf' => '/Users/zusoomro/Library/Caches/typescript/4.0/node_modules/@types/sprintf/index.d.ts'
[18:43:45.225] Adding entry into typings cache: 'sprintf-js' => '/Users/zusoomro/Library/Caches/typescript/4.0/node_modules/@types/sprintf-js/index.d.ts'
[18:43:45.225] Adding entry into typings cache: 'sshpk' => '/Users/zusoomro/Library/Caches/typescript/4.0/node_modules/@types/sshpk/index.d.ts'
[18:43:45.226] Adding entry into typings cache: 'stack-utils' => '/Users/zusoomro/Library/Caches/typescript/4.0/node_modules/@types/stack-utils/index.d.ts'
[18:43:45.227] Adding entry into typings cache: 'statuses' => '/Users/zusoomro/Library/Caches/typescript/4.0/node_modules/@types/statuses/index.d.ts'
[18:43:45.229] Adding entry into typings cache: 'supports-color' => '/Users/zusoomro/Library/Caches/typescript/4.0/node_modules/@types/supports-color/index.d.ts'
[18:43:45.230] Adding entry into typings cache: 'symbol-tree' => '/Users/zusoomro/Library/Caches/typescript/4.0/node_modules/@types/symbol-tree/index.d.ts'
[18:43:45.231] Adding entry into typings cache: 'table' => '/Users/zusoomro/Library/Caches/typescript/4.0/node_modules/@types/table/index.d.ts'
[18:43:45.232] Adding entry into typings cache: 'tar' => '/Users/zusoomro/Library/Caches/typescript/4.0/node_modules/@types/tar/index.d.ts'
[18:43:45.233] Adding entry into typings cache: 'tcp-port-used' => '/Users/zusoomro/Library/Caches/typescript/4.0/node_modules/@types/tcp-port-used/index.d.ts'
[18:43:45.234] Adding entry into typings cache: 'text-table' => '/Users/zusoomro/Library/Caches/typescript/4.0/node_modules/@types/text-table/index.d.ts'
[18:43:45.235] Adding entry into typings cache: 'through' => '/Users/zusoomro/Library/Caches/typescript/4.0/node_modules/@types/through/index.d.ts'
[18:43:45.236] Adding entry into typings cache: 'tmp' => '/Users/zusoomro/Library/Caches/typescript/4.0/node_modules/@types/tmp/index.d.ts'
[18:43:45.237] Adding entry into typings cache: 'touch' => '/Users/zusoomro/Library/Caches/typescript/4.0/node_modules/@types/touch/index.d.ts'
[18:43:45.237] Adding entry into typings cache: 'tough-cookie' => '/Users/zusoomro/Library/Caches/typescript/4.0/node_modules/@types/tough-cookie/index.d.ts'
[18:43:45.239] Adding entry into typings cache: 'type-check' => '/Users/zusoomro/Library/Caches/typescript/4.0/node_modules/@types/type-check/index.d.ts'
[18:43:45.240] Adding entry into typings cache: 'type-is' => '/Users/zusoomro/Library/Caches/typescript/4.0/node_modules/@types/type-is/index.d.ts'
[18:43:45.240] Adding entry into typings cache: 'unc-path-regex' => '/Users/zusoomro/Library/Caches/typescript/4.0/node_modules/@types/unc-path-regex/index.d.ts'
[18:43:45.242] Adding entry into typings cache: 'update-notifier' => '/Users/zusoomro/Library/Caches/typescript/4.0/node_modules/@types/update-notifier/index.d.ts'
[18:43:45.243] Adding entry into typings cache: 'urix' => '/Users/zusoomro/Library/Caches/typescript/4.0/node_modules/@types/urix/index.d.ts'
[18:43:45.244] Adding entry into typings cache: 'util-deprecate' => '/Users/zusoomro/Library/Caches/typescript/4.0/node_modules/@types/util-deprecate/index.d.ts'
[18:43:45.245] Adding entry into typings cache: 'util.promisify' => '/Users/zusoomro/Library/Caches/typescript/4.0/node_modules/@types/util.promisify/index.d.ts'
[18:43:45.246] Adding entry into typings cache: 'utils-merge' => '/Users/zusoomro/Library/Caches/typescript/4.0/node_modules/@types/utils-merge/index.d.ts'
[18:43:45.247] Adding entry into typings cache: 'uuid' => '/Users/zusoomro/Library/Caches/typescript/4.0/node_modules/@types/uuid/index.d.ts'
[18:43:45.248] Adding entry into typings cache: 'v8flags' => '/Users/zusoomro/Library/Caches/typescript/4.0/node_modules/@types/v8flags/index.d.ts'
[18:43:45.248] Adding entry into typings cache: 'validate-npm-package-license' => '/Users/zusoomro/Library/Caches/typescript/4.0/node_modules/@types/validate-npm-package-license/index.d.ts'
[18:43:45.249] Adding entry into typings cache: 'vary' => '/Users/zusoomro/Library/Caches/typescript/4.0/node_modules/@types/vary/index.d.ts'
[18:43:45.250] Adding entry into typings cache: 'verror' => '/Users/zusoomro/Library/Caches/typescript/4.0/node_modules/@types/verror/index.d.ts'
[18:43:45.251] Adding entry into typings cache: 'webidl-conversions' => '/Users/zusoomro/Library/Caches/typescript/4.0/node_modules/@types/webidl-conversions/index.d.ts'
[18:43:45.252] Adding entry into typings cache: 'whatwg-encoding' => '/Users/zusoomro/Library/Caches/typescript/4.0/node_modules/@types/whatwg-encoding/index.d.ts'
[18:43:45.253] Adding entry into typings cache: 'whatwg-mimetype' => '/Users/zusoomro/Library/Caches/typescript/4.0/node_modules/@types/whatwg-mimetype/index.d.ts'
[18:43:45.254] Adding entry into typings cache: 'whatwg-url' => '/Users/zusoomro/Library/Caches/typescript/4.0/node_modules/@types/whatwg-url/index.d.ts'
[18:43:45.255] Adding entry into typings cache: 'which' => '/Users/zusoomro/Library/Caches/typescript/4.0/node_modules/@types/which/index.d.ts'
[18:43:45.255] Adding entry into typings cache: 'wrap-ansi' => '/Users/zusoomro/Library/Caches/typescript/4.0/node_modules/@types/wrap-ansi/index.d.ts'
[18:43:45.256] Adding entry into typings cache: 'write' => '/Users/zusoomro/Library/Caches/typescript/4.0/node_modules/@types/write/index.d.ts'
[18:43:45.257] Adding entry into typings cache: 'write-file-atomic' => '/Users/zusoomro/Library/Caches/typescript/4.0/node_modules/@types/write-file-atomic/index.d.ts'
[18:43:45.258] Adding entry into typings cache: 'ws' => '/Users/zusoomro/Library/Caches/typescript/4.0/node_modules/@types/ws/index.d.ts'
[18:43:45.259] Adding entry into typings cache: 'xtend' => '/Users/zusoomro/Library/Caches/typescript/4.0/node_modules/@types/xtend/index.d.ts'
[18:43:45.260] Adding entry into typings cache: 'y18n' => '/Users/zusoomro/Library/Caches/typescript/4.0/node_modules/@types/y18n/index.d.ts'
[18:43:45.261] Adding entry into typings cache: 'yallist' => '/Users/zusoomro/Library/Caches/typescript/4.0/node_modules/@types/yallist/index.d.ts'
[18:43:45.262] Adding entry into typings cache: 'yargs' => '/Users/zusoomro/Library/Caches/typescript/4.0/node_modules/@types/yargs/index.d.ts'
[18:43:45.263] Adding entry into typings cache: 'yargs-parser' => '/Users/zusoomro/Library/Caches/typescript/4.0/node_modules/@types/yargs-parser/index.d.ts'
[18:43:45.264] Adding entry into typings cache: 'yauzl' => '/Users/zusoomro/Library/Caches/typescript/4.0/node_modules/@types/yauzl/index.d.ts'
[18:43:45.264] Finished processing cache location '/Users/zusoomro/Library/Caches/typescript/4.0'
[18:43:45.264] Process id: 944
[18:43:45.264] NPM location: /Users/zusoomro/.nvm/versions/node/v10.21.0/bin/npm (explicit '--npmLocation' not  provided)
[18:43:45.265] validateDefaultNpmLocation: false
[18:43:45.265] Npm config file: /Users/zusoomro/Library/Caches/typescript/4.0/package.json
[18:43:45.265] Updating types-registry npm package...
[18:43:45.265] Exec: /Users/zusoomro/.nvm/versions/node/v10.21.0/bin/npm install --ignore-scripts types-registry@latest
[18:43:47.379]     Succeeded. stdout:
    + types-registry@0.1.512
    updated 1 package and audited 352 packages in 1.305s

5 packages are looking for funding
  run `npm fund` for details

found 0 vulnerabilities


[18:43:47.380] Updated types-registry npm package
[18:43:47.400] Got install request {"projectName":"/dev/null/inferredProject1*","fileNames":["/Users/zusoomro/code/cis400/api/node_modules/typescript/lib/lib.d.ts","/Users/zusoomro/code/cis400/api/node_modules/typescript/lib/lib.es5.d.ts","/Users/zusoomro/code/cis400/api/node_modules/typescript/lib/lib.dom.d.ts","/Users/zusoomro/code/cis400/api/node_modules/typescript/lib/lib.webworker.importscripts.d.ts","/Users/zusoomro/code/cis400/api/node_modules/typescript/lib/lib.scripthost.d.ts","/Users/zusoomro/code/cis400/api/migrations/20201018181731_users.js"],"compilerOptions":{"target":1,"jsx":1,"allowNonTsExtensions":true,"allowJs":true,"noEmitForJsFiles":true,"maxNodeModuleJsDepth":2},"typeAcquisition":{"enable":true,"include":[],"exclude":[]},"unresolvedImports":[],"projectRootPath":"/Users/zusoomro/code/cis400/api/migrations","kind":"discover"}
[18:43:47.408] Loaded safelist from types map file '/users/zusoomro/code/cis400/api/node_modules/typescript/lib/typesmap.json'
[18:43:47.409] Explicitly included types: []
[18:43:47.410] Inferred typings from unresolved imports: []
[18:43:47.410] Result: {"cachedTypingPaths":[],"newTypingNames":[],"filesToWatch":["/Users/zusoomro/code/cis400/api/migrations/bower_components","/Users/zusoomro/code/cis400/api/migrations/node_modules"]}
[18:43:47.410] Finished typings discovery: {"cachedTypingPaths":[],"newTypingNames":[],"filesToWatch":["/Users/zusoomro/code/cis400/api/migrations/bower_components","/Users/zusoomro/code/cis400/api/migrations/node_modules"]}
[18:43:47.411] DirectoryWatcher:: Added:: WatchInfo: /Users/zusoomro/code/cis400/api/migrations/bower_components
[18:43:47.413] DirectoryWatcher:: Added:: WatchInfo: /Users/zusoomro/code/cis400/api/migrations/node_modules
[18:43:47.413] Sending response:
    {"projectName":"/dev/null/inferredProject1*","typeAcquisition":{"enable":true,"include":[],"exclude":[]},"compilerOptions":{"target":1,"jsx":1,"allowNonTsExtensions":true,"allowJs":true,"noEmitForJsFiles":true,"maxNodeModuleJsDepth":2},"typings":[],"unresolvedImports":[],"kind":"action::set"}
[18:43:47.414] Response has been sent.
[18:43:47.414] No new typings were requested as a result of typings discovery
