Info 0    [18:43:44.565] Starting TS Server
Info 1    [18:43:44.567] Version: 4.0.3
Info 2    [18:43:44.567] Arguments: /Users/zusoomro/.nvm/versions/node/v10.21.0/bin/node /Users/zusoomro/code/cis400/api/node_modules/.bin/tsserver --logFile /Users/zusoomro/code/cis400/.log/tsserver.log --logVerbosity info --cancellationPipeName /private/var/folders/rl/fdyxxd493bs_y1_mszc1z_2c0000gn/T/901486bc001a0f96c4ac8ca7f67299d7/tscancellation*
Info 3    [18:43:44.567] Platform: darwin NodeVersion: 10 CaseSensitive: false
Info 4    [18:43:44.567] ServerMode: undefined syntaxOnly: false hasUnknownServerMode: undefined
Info 5    [18:43:44.578] Search path: /Users/zusoomro/code/cis400/api/migrations
Info 6    [18:43:44.579] For info: /Users/zusoomro/code/cis400/api/migrations/20201018181731_users.js :: Config file name: /Users/zusoomro/code/cis400/api/tsconfig.json
Info 7    [18:43:44.580] Opened configuration file /Users/zusoomro/code/cis400/api/tsconfig.json
Info 8    [18:43:44.598] Config: /Users/zusoomro/code/cis400/api/tsconfig.json : {
 "rootNames": [
  "/Users/zusoomro/code/cis400/api/src/index.ts",
  "/Users/zusoomro/code/cis400/api/src/initializeDb.ts",
  "/Users/zusoomro/code/cis400/api/src/routes/users.ts"
 ],
 "options": {
  "sourceMap": true,
  "target": 2,
  "module": 1,
  "outDir": "/Users/zusoomro/code/cis400/api/dist",
  "baseUrl": "/Users/zusoomro/code/cis400/api/src",
  "strict": true,
  "esModuleInterop": true,
  "configFilePath": "/Users/zusoomro/code/cis400/api/tsconfig.json"
 }
}
Info 9    [18:43:44.627] Starting updateGraphWorker: Project: /Users/zusoomro/code/cis400/api/tsconfig.json
Info 10   [18:43:45.705] Finishing updateGraphWorker: Project: /Users/zusoomro/code/cis400/api/tsconfig.json Version: 1 structureChanged: true Elapsed: 1078ms
Info 11   [18:43:45.705] Project '/Users/zusoomro/code/cis400/api/tsconfig.json' (Configured)
Info 12   [18:43:45.705] 	Files (102)

Info 13   [18:43:45.705] -----------------------------------------------
Info 14   [18:43:45.714] Starting updateGraphWorker: Project: /dev/null/inferredProject1*
Info 15   [18:43:46.424] Finishing updateGraphWorker: Project: /dev/null/inferredProject1* Version: 1 structureChanged: true Elapsed: 710ms
Info 16   [18:43:46.424] Project '/dev/null/inferredProject1*' (Inferred)
Info 17   [18:43:46.424] 	Files (135)

Info 18   [18:43:46.424] -----------------------------------------------
Info 19   [18:43:46.453] Starting updateGraphWorker: Project: /dev/null/autoImportProviderProject1*
Info 20   [18:43:46.771] Finishing updateGraphWorker: Project: /dev/null/autoImportProviderProject1* Version: 1 structureChanged: true Elapsed: 318ms
Info 21   [18:43:46.771] Project '/dev/null/autoImportProviderProject1*' (AutoImportProvider)
Info 22   [18:43:46.771] 	Files (62)

Info 23   [18:43:46.771] -----------------------------------------------
Info 24   [18:43:47.668] Starting updateGraphWorker: Project: /dev/null/inferredProject1*
Info 25   [18:43:47.669] Finishing updateGraphWorker: Project: /dev/null/inferredProject1* Version: 2 structureChanged: false Elapsed: 1ms
Info 26   [18:43:49.918] Before ensureProjectForOpenFiles:
Info 27   [18:43:49.918] After ensureProjectForOpenFiles:
Info 28   [18:43:49.919] got projects updated in background, updating diagnostics for /Users/zusoomro/code/cis400/api/migrations/20201018181731_users.js
Info 29   [18:43:58.455] Search path: /Users/zusoomro/code/cis400/api/models
Info 30   [18:43:58.455] For info: /Users/zusoomro/code/cis400/api/models/User.ts :: Config file name: /Users/zusoomro/code/cis400/api/tsconfig.json
Info 31   [18:43:58.456] Starting updateGraphWorker: Project: /dev/null/inferredProject2*
Info 32   [18:43:59.47] Finishing updateGraphWorker: Project: /dev/null/inferredProject2* Version: 1 structureChanged: true Elapsed: 591ms
Info 33   [18:43:59.47] Project '/dev/null/inferredProject2*' (Inferred)
Info 34   [18:43:59.47] 	Files (99)

Info 35   [18:43:59.47] -----------------------------------------------
Info 36   [18:43:59.62] Starting updateGraphWorker: Project: /dev/null/autoImportProviderProject2*
Info 37   [18:43:59.161] Finishing updateGraphWorker: Project: /dev/null/autoImportProviderProject2* Version: 1 structureChanged: true Elapsed: 99ms
Info 38   [18:43:59.161] Project '/dev/null/autoImportProviderProject2*' (AutoImportProvider)
Info 39   [18:43:59.161] 	Files (3)

Info 40   [18:43:59.161] -----------------------------------------------
Info 41   [18:44:1.157] Starting updateGraphWorker: Project: /dev/null/inferredProject2*
Info 42   [18:44:1.165] Finishing updateGraphWorker: Project: /dev/null/inferredProject2* Version: 2 structureChanged: false Elapsed: 8ms
Info 43   [18:44:1.165] Different program with same set of files:: oldProgram.structureIsReused:: 2
Info 44   [18:44:2.98] Starting updateGraphWorker: Project: /dev/null/inferredProject2*
Info 45   [18:44:2.104] Finishing updateGraphWorker: Project: /dev/null/inferredProject2* Version: 3 structureChanged: false Elapsed: 6ms
Info 46   [18:44:2.104] Different program with same set of files:: oldProgram.structureIsReused:: 2
Info 47   [18:44:2.370] Starting updateGraphWorker: Project: /dev/null/inferredProject2*
Info 48   [18:44:2.377] Finishing updateGraphWorker: Project: /dev/null/inferredProject2* Version: 4 structureChanged: false Elapsed: 7ms
Info 49   [18:44:2.378] Different program with same set of files:: oldProgram.structureIsReused:: 2
Info 50   [18:44:2.904] Starting updateGraphWorker: Project: /dev/null/inferredProject2*
Info 51   [18:44:2.912] Finishing updateGraphWorker: Project: /dev/null/inferredProject2* Version: 5 structureChanged: false Elapsed: 8ms
Info 52   [18:44:2.912] Different program with same set of files:: oldProgram.structureIsReused:: 2
